<?xml version="1.0" encoding="UTF-8"?>
<robot generator="Robot 6.1.1 (Python 3.11.4 on win32)" generated="20240224 09:24:57.453" rpa="false" schemaversion="4">
<suite id="s1" name="Validation Https" source="C:\Users\kelvi\OneDrive\Área de Trabalho\casePB\apiTesting\tests\validation_https.robot">
<test id="s1-t1" name=" CT01 - Buscar cadastro de um usuário (GET)" line="9">
<kw name="Create the session" library="base" type="SETUP">
<kw name="Create Session" library="RequestsLibrary">
<arg>pb</arg>
<arg>${BASE_URL}</arg>
<arg>verify=${True}</arg>
<doc>Create Session: create a HTTP session to a server</doc>
<msg timestamp="20240224 09:24:57.865" level="INFO">Creating Session using : alias=pb, url=https://jsonplaceholder.typicode.com/users/, headers={},                     cookies={}, auth=None, timeout=None, proxies=None, verify=True,                     debug=0 </msg>
<status status="PASS" starttime="20240224 09:24:57.865" endtime="20240224 09:24:57.866"/>
</kw>
<status status="PASS" starttime="20240224 09:24:57.865" endtime="20240224 09:24:57.866"/>
</kw>
<kw name="GET em usuário especifico" library="users">
<kw name="GET On Session" library="RequestsLibrary">
<var>${RESPOSTA_GET}</var>
<arg>pb</arg>
<arg>${BASE_URL}${2}</arg>
<doc>Sends a GET request on a previously created HTTP Session.</doc>
<msg timestamp="20240224 09:24:57.964" level="INFO">GET Request : url=https://jsonplaceholder.typicode.com/users/2 
 path_url=/users/2 
 headers={'User-Agent': 'python-requests/2.31.0', 'Accept-Encoding': 'gzip, deflate, br', 'Accept': '*/*', 'Connection': 'keep-alive'} 
 body=None 
 </msg>
<msg timestamp="20240224 09:24:57.964" level="INFO">GET Response : url=https://jsonplaceholder.typicode.com/users/2 
 status=200, reason=OK 
 headers={'Date': 'Sat, 24 Feb 2024 12:24:57 GMT', 'Content-Type': 'application/json; charset=utf-8', 'Transfer-Encoding': 'chunked', 'Connection': 'keep-alive', 'Report-To': '{"group":"heroku-nel","max_age":3600,"endpoints":[{"url":"https://nel.heroku.com/reports?ts=1707308833&amp;sid=e11707d5-02a7-43ef-b45e-2cf4d2036f7d&amp;s=OdfqVFzp6xaXnlDXBna9j0PzWGMb9oNsaW%2F4Mhg03Es%3D"}]}', 'Reporting-Endpoints': 'heroku-nel=https://nel.heroku.com/reports?ts=1707308833&amp;sid=e11707d5-02a7-43ef-b45e-2cf4d2036f7d&amp;s=OdfqVFzp6xaXnlDXBna9j0PzWGMb9oNsaW%2F4Mhg03Es%3D', 'Nel': '{"report_to":"heroku-nel","max_age":3600,"success_fraction":0.005,"failure_fraction":0.05,"response_headers":["Via"]}', 'X-Powered-By': 'Express', 'X-Ratelimit-Limit': '1000', 'X-Ratelimit-Remaining': '999', 'X-Ratelimit-Reset': '1707308876', 'Vary': 'Origin, Accept-Encoding', 'Access-Control-Allow-Credentials': 'true', 'Cache-Control': 'max-age=43200', 'Pragma': 'no-cache', 'Expires': '-1', 'X-Content-Type-Options': 'nosniff', 'Etag': 'W/"1fd-XTG63SYhaP/Uo6/vgmARnL3rpBk"', 'Via': '1.1 vegur', 'CF-Cache-Status': 'HIT', 'Age': '4130', 'Server': 'cloudflare', 'CF-RAY': '85a7b041bdb17a6e-GIG', 'Content-Encoding': 'br', 'alt-svc': 'h3=":443"; ma=86400'} 
 body={
  "id": 2,
  "name": "Ervin Howell",
  "username": "Antonette",
  "email": "Shanna@melissa.tv",
  "address": {
    "street": "Victor Plains",
    "suite": "Suite 879",
    "city": "Wisokyburgh",
    "zipcode": "90566-7771",
    "geo": {
      "lat": "-43.9509",
      "lng": "-34.4618"
    }
  },
  "phone": "010-692-6593 x09125",
  "website": "anastasia.net",
  "company": {
    "name": "Deckow-Crist",
    "catchPhrase": "Proactive didactic contingency",
    "bs": "synergize scalable supply-chains"
  }
} 
 </msg>
<msg timestamp="20240224 09:24:57.965" level="INFO">${RESPOSTA_GET} = &lt;Response [200]&gt;</msg>
<status status="PASS" starttime="20240224 09:24:57.867" endtime="20240224 09:24:57.965"/>
</kw>
<status status="PASS" starttime="20240224 09:24:57.866" endtime="20240224 09:24:57.965"/>
</kw>
<kw name="Given que a solicitação GET seja feita no ID do user" library="users">
<kw name="GET em usuário especifico" library="users">
<kw name="GET On Session" library="RequestsLibrary">
<var>${RESPOSTA_GET}</var>
<arg>pb</arg>
<arg>${BASE_URL}${2}</arg>
<doc>Sends a GET request on a previously created HTTP Session.</doc>
<msg timestamp="20240224 09:24:57.983" level="INFO">GET Request : url=https://jsonplaceholder.typicode.com/users/2 
 path_url=/users/2 
 headers={'User-Agent': 'python-requests/2.31.0', 'Accept-Encoding': 'gzip, deflate, br', 'Accept': '*/*', 'Connection': 'keep-alive'} 
 body=None 
 </msg>
<msg timestamp="20240224 09:24:57.983" level="INFO">GET Response : url=https://jsonplaceholder.typicode.com/users/2 
 status=200, reason=OK 
 headers={'Date': 'Sat, 24 Feb 2024 12:24:57 GMT', 'Content-Type': 'application/json; charset=utf-8', 'Transfer-Encoding': 'chunked', 'Connection': 'keep-alive', 'Report-To': '{"group":"heroku-nel","max_age":3600,"endpoints":[{"url":"https://nel.heroku.com/reports?ts=1707308833&amp;sid=e11707d5-02a7-43ef-b45e-2cf4d2036f7d&amp;s=OdfqVFzp6xaXnlDXBna9j0PzWGMb9oNsaW%2F4Mhg03Es%3D"}]}', 'Reporting-Endpoints': 'heroku-nel=https://nel.heroku.com/reports?ts=1707308833&amp;sid=e11707d5-02a7-43ef-b45e-2cf4d2036f7d&amp;s=OdfqVFzp6xaXnlDXBna9j0PzWGMb9oNsaW%2F4Mhg03Es%3D', 'Nel': '{"report_to":"heroku-nel","max_age":3600,"success_fraction":0.005,"failure_fraction":0.05,"response_headers":["Via"]}', 'X-Powered-By': 'Express', 'X-Ratelimit-Limit': '1000', 'X-Ratelimit-Remaining': '999', 'X-Ratelimit-Reset': '1707308876', 'Vary': 'Origin, Accept-Encoding', 'Access-Control-Allow-Credentials': 'true', 'Cache-Control': 'max-age=43200', 'Pragma': 'no-cache', 'Expires': '-1', 'X-Content-Type-Options': 'nosniff', 'Etag': 'W/"1fd-XTG63SYhaP/Uo6/vgmARnL3rpBk"', 'Via': '1.1 vegur', 'CF-Cache-Status': 'HIT', 'Age': '4130', 'Server': 'cloudflare', 'CF-RAY': '85a7b041edce7a6e-GIG', 'Content-Encoding': 'br', 'alt-svc': 'h3=":443"; ma=86400'} 
 body={
  "id": 2,
  "name": "Ervin Howell",
  "username": "Antonette",
  "email": "Shanna@melissa.tv",
  "address": {
    "street": "Victor Plains",
    "suite": "Suite 879",
    "city": "Wisokyburgh",
    "zipcode": "90566-7771",
    "geo": {
      "lat": "-43.9509",
      "lng": "-34.4618"
    }
  },
  "phone": "010-692-6593 x09125",
  "website": "anastasia.net",
  "company": {
    "name": "Deckow-Crist",
    "catchPhrase": "Proactive didactic contingency",
    "bs": "synergize scalable supply-chains"
  }
} 
 </msg>
<msg timestamp="20240224 09:24:57.983" level="INFO">${RESPOSTA_GET} = &lt;Response [200]&gt;</msg>
<status status="PASS" starttime="20240224 09:24:57.966" endtime="20240224 09:24:57.983"/>
</kw>
<status status="PASS" starttime="20240224 09:24:57.966" endtime="20240224 09:24:57.995"/>
</kw>
<status status="PASS" starttime="20240224 09:24:57.966" endtime="20240224 09:24:57.995"/>
</kw>
<kw name="When obter o código de status do GET da solicitação = 200" library="users">
<kw name="GET em usuário especifico" library="users">
<kw name="GET On Session" library="RequestsLibrary">
<var>${RESPOSTA_GET}</var>
<arg>pb</arg>
<arg>${BASE_URL}${2}</arg>
<doc>Sends a GET request on a previously created HTTP Session.</doc>
<msg timestamp="20240224 09:24:58.028" level="INFO">GET Request : url=https://jsonplaceholder.typicode.com/users/2 
 path_url=/users/2 
 headers={'User-Agent': 'python-requests/2.31.0', 'Accept-Encoding': 'gzip, deflate, br', 'Accept': '*/*', 'Connection': 'keep-alive'} 
 body=None 
 </msg>
<msg timestamp="20240224 09:24:58.028" level="INFO">GET Response : url=https://jsonplaceholder.typicode.com/users/2 
 status=200, reason=OK 
 headers={'Date': 'Sat, 24 Feb 2024 12:24:57 GMT', 'Content-Type': 'application/json; charset=utf-8', 'Transfer-Encoding': 'chunked', 'Connection': 'keep-alive', 'Report-To': '{"group":"heroku-nel","max_age":3600,"endpoints":[{"url":"https://nel.heroku.com/reports?ts=1707308833&amp;sid=e11707d5-02a7-43ef-b45e-2cf4d2036f7d&amp;s=OdfqVFzp6xaXnlDXBna9j0PzWGMb9oNsaW%2F4Mhg03Es%3D"}]}', 'Reporting-Endpoints': 'heroku-nel=https://nel.heroku.com/reports?ts=1707308833&amp;sid=e11707d5-02a7-43ef-b45e-2cf4d2036f7d&amp;s=OdfqVFzp6xaXnlDXBna9j0PzWGMb9oNsaW%2F4Mhg03Es%3D', 'Nel': '{"report_to":"heroku-nel","max_age":3600,"success_fraction":0.005,"failure_fraction":0.05,"response_headers":["Via"]}', 'X-Powered-By': 'Express', 'X-Ratelimit-Limit': '1000', 'X-Ratelimit-Remaining': '999', 'X-Ratelimit-Reset': '1707308876', 'Vary': 'Origin, Accept-Encoding', 'Access-Control-Allow-Credentials': 'true', 'Cache-Control': 'max-age=43200', 'Pragma': 'no-cache', 'Expires': '-1', 'X-Content-Type-Options': 'nosniff', 'Etag': 'W/"1fd-XTG63SYhaP/Uo6/vgmARnL3rpBk"', 'Via': '1.1 vegur', 'CF-Cache-Status': 'HIT', 'Age': '4130', 'Server': 'cloudflare', 'CF-RAY': '85a7b0421de37a6e-GIG', 'Content-Encoding': 'br', 'alt-svc': 'h3=":443"; ma=86400'} 
 body={
  "id": 2,
  "name": "Ervin Howell",
  "username": "Antonette",
  "email": "Shanna@melissa.tv",
  "address": {
    "street": "Victor Plains",
    "suite": "Suite 879",
    "city": "Wisokyburgh",
    "zipcode": "90566-7771",
    "geo": {
      "lat": "-43.9509",
      "lng": "-34.4618"
    }
  },
  "phone": "010-692-6593 x09125",
  "website": "anastasia.net",
  "company": {
    "name": "Deckow-Crist",
    "catchPhrase": "Proactive didactic contingency",
    "bs": "synergize scalable supply-chains"
  }
} 
 </msg>
<msg timestamp="20240224 09:24:58.028" level="INFO">${RESPOSTA_GET} = &lt;Response [200]&gt;</msg>
<status status="PASS" starttime="20240224 09:24:57.995" endtime="20240224 09:24:58.028"/>
</kw>
<status status="PASS" starttime="20240224 09:24:57.995" endtime="20240224 09:24:58.028"/>
</kw>
<kw name="Validar status code do GET" library="users">
<kw name="Status Should Be" library="RequestsLibrary">
<arg>200</arg>
<doc>Fails if response status code is different than the expected.</doc>
<status status="PASS" starttime="20240224 09:24:58.029" endtime="20240224 09:24:58.029"/>
</kw>
<status status="PASS" starttime="20240224 09:24:58.028" endtime="20240224 09:24:58.029"/>
</kw>
<status status="PASS" starttime="20240224 09:24:57.995" endtime="20240224 09:24:58.029"/>
</kw>
<kw name="Then o response deverá conter as informações do user" library="users">
<kw name="GET em usuário especifico" library="users">
<kw name="GET On Session" library="RequestsLibrary">
<var>${RESPOSTA_GET}</var>
<arg>pb</arg>
<arg>${BASE_URL}${2}</arg>
<doc>Sends a GET request on a previously created HTTP Session.</doc>
<msg timestamp="20240224 09:24:58.058" level="INFO">GET Request : url=https://jsonplaceholder.typicode.com/users/2 
 path_url=/users/2 
 headers={'User-Agent': 'python-requests/2.31.0', 'Accept-Encoding': 'gzip, deflate, br', 'Accept': '*/*', 'Connection': 'keep-alive'} 
 body=None 
 </msg>
<msg timestamp="20240224 09:24:58.059" level="INFO">GET Response : url=https://jsonplaceholder.typicode.com/users/2 
 status=200, reason=OK 
 headers={'Date': 'Sat, 24 Feb 2024 12:24:57 GMT', 'Content-Type': 'application/json; charset=utf-8', 'Transfer-Encoding': 'chunked', 'Connection': 'keep-alive', 'Report-To': '{"group":"heroku-nel","max_age":3600,"endpoints":[{"url":"https://nel.heroku.com/reports?ts=1707308833&amp;sid=e11707d5-02a7-43ef-b45e-2cf4d2036f7d&amp;s=OdfqVFzp6xaXnlDXBna9j0PzWGMb9oNsaW%2F4Mhg03Es%3D"}]}', 'Reporting-Endpoints': 'heroku-nel=https://nel.heroku.com/reports?ts=1707308833&amp;sid=e11707d5-02a7-43ef-b45e-2cf4d2036f7d&amp;s=OdfqVFzp6xaXnlDXBna9j0PzWGMb9oNsaW%2F4Mhg03Es%3D', 'Nel': '{"report_to":"heroku-nel","max_age":3600,"success_fraction":0.005,"failure_fraction":0.05,"response_headers":["Via"]}', 'X-Powered-By': 'Express', 'X-Ratelimit-Limit': '1000', 'X-Ratelimit-Remaining': '999', 'X-Ratelimit-Reset': '1707308876', 'Vary': 'Origin, Accept-Encoding', 'Access-Control-Allow-Credentials': 'true', 'Cache-Control': 'max-age=43200', 'Pragma': 'no-cache', 'Expires': '-1', 'X-Content-Type-Options': 'nosniff', 'Etag': 'W/"1fd-XTG63SYhaP/Uo6/vgmARnL3rpBk"', 'Via': '1.1 vegur', 'CF-Cache-Status': 'HIT', 'Age': '4130', 'Server': 'cloudflare', 'CF-RAY': '85a7b0425e027a6e-GIG', 'Content-Encoding': 'br', 'alt-svc': 'h3=":443"; ma=86400'} 
 body={
  "id": 2,
  "name": "Ervin Howell",
  "username": "Antonette",
  "email": "Shanna@melissa.tv",
  "address": {
    "street": "Victor Plains",
    "suite": "Suite 879",
    "city": "Wisokyburgh",
    "zipcode": "90566-7771",
    "geo": {
      "lat": "-43.9509",
      "lng": "-34.4618"
    }
  },
  "phone": "010-692-6593 x09125",
  "website": "anastasia.net",
  "company": {
    "name": "Deckow-Crist",
    "catchPhrase": "Proactive didactic contingency",
    "bs": "synergize scalable supply-chains"
  }
} 
 </msg>
<msg timestamp="20240224 09:24:58.059" level="INFO">${RESPOSTA_GET} = &lt;Response [200]&gt;</msg>
<status status="PASS" starttime="20240224 09:24:58.030" endtime="20240224 09:24:58.059"/>
</kw>
<status status="PASS" starttime="20240224 09:24:58.030" endtime="20240224 09:24:58.059"/>
</kw>
<kw name="Validar status code do GET" library="users">
<kw name="Status Should Be" library="RequestsLibrary">
<arg>200</arg>
<doc>Fails if response status code is different than the expected.</doc>
<status status="PASS" starttime="20240224 09:24:58.059" endtime="20240224 09:24:58.059"/>
</kw>
<status status="PASS" starttime="20240224 09:24:58.059" endtime="20240224 09:24:58.059"/>
</kw>
<kw name="Validar se contém user com nome setado" library="users">
<kw name="GET On Session" library="RequestsLibrary">
<var>${RESPOSTA_GET}</var>
<arg>pb</arg>
<arg>${BASE_URL}${2}</arg>
<doc>Sends a GET request on a previously created HTTP Session.</doc>
<msg timestamp="20240224 09:24:58.089" level="INFO">GET Request : url=https://jsonplaceholder.typicode.com/users/2 
 path_url=/users/2 
 headers={'User-Agent': 'python-requests/2.31.0', 'Accept-Encoding': 'gzip, deflate, br', 'Accept': '*/*', 'Connection': 'keep-alive'} 
 body=None 
 </msg>
<msg timestamp="20240224 09:24:58.089" level="INFO">GET Response : url=https://jsonplaceholder.typicode.com/users/2 
 status=200, reason=OK 
 headers={'Date': 'Sat, 24 Feb 2024 12:24:58 GMT', 'Content-Type': 'application/json; charset=utf-8', 'Transfer-Encoding': 'chunked', 'Connection': 'keep-alive', 'Report-To': '{"group":"heroku-nel","max_age":3600,"endpoints":[{"url":"https://nel.heroku.com/reports?ts=1707308833&amp;sid=e11707d5-02a7-43ef-b45e-2cf4d2036f7d&amp;s=OdfqVFzp6xaXnlDXBna9j0PzWGMb9oNsaW%2F4Mhg03Es%3D"}]}', 'Reporting-Endpoints': 'heroku-nel=https://nel.heroku.com/reports?ts=1707308833&amp;sid=e11707d5-02a7-43ef-b45e-2cf4d2036f7d&amp;s=OdfqVFzp6xaXnlDXBna9j0PzWGMb9oNsaW%2F4Mhg03Es%3D', 'Nel': '{"report_to":"heroku-nel","max_age":3600,"success_fraction":0.005,"failure_fraction":0.05,"response_headers":["Via"]}', 'X-Powered-By': 'Express', 'X-Ratelimit-Limit': '1000', 'X-Ratelimit-Remaining': '999', 'X-Ratelimit-Reset': '1707308876', 'Vary': 'Origin, Accept-Encoding', 'Access-Control-Allow-Credentials': 'true', 'Cache-Control': 'max-age=43200', 'Pragma': 'no-cache', 'Expires': '-1', 'X-Content-Type-Options': 'nosniff', 'Etag': 'W/"1fd-XTG63SYhaP/Uo6/vgmARnL3rpBk"', 'Via': '1.1 vegur', 'CF-Cache-Status': 'HIT', 'Age': '4131', 'Server': 'cloudflare', 'CF-RAY': '85a7b0428e157a6e-GIG', 'Content-Encoding': 'br', 'alt-svc': 'h3=":443"; ma=86400'} 
 body={
  "id": 2,
  "name": "Ervin Howell",
  "username": "Antonette",
  "email": "Shanna@melissa.tv",
  "address": {
    "street": "Victor Plains",
    "suite": "Suite 879",
    "city": "Wisokyburgh",
    "zipcode": "90566-7771",
    "geo": {
      "lat": "-43.9509",
      "lng": "-34.4618"
    }
  },
  "phone": "010-692-6593 x09125",
  "website": "anastasia.net",
  "company": {
    "name": "Deckow-Crist",
    "catchPhrase": "Proactive didactic contingency",
    "bs": "synergize scalable supply-chains"
  }
} 
 </msg>
<msg timestamp="20240224 09:24:58.090" level="INFO">${RESPOSTA_GET} = &lt;Response [200]&gt;</msg>
<status status="PASS" starttime="20240224 09:24:58.059" endtime="20240224 09:24:58.090"/>
</kw>
<kw name="Should Be Equal" library="BuiltIn">
<arg>Ervin Howell</arg>
<arg>${RESPOSTA_GET.json()}[name]</arg>
<doc>Fails if the given objects are unequal.</doc>
<status status="PASS" starttime="20240224 09:24:58.090" endtime="20240224 09:24:58.090"/>
</kw>
<status status="PASS" starttime="20240224 09:24:58.059" endtime="20240224 09:24:58.090"/>
</kw>
<status status="PASS" starttime="20240224 09:24:58.030" endtime="20240224 09:24:58.090"/>
</kw>
<status status="PASS" starttime="20240224 09:24:57.864" endtime="20240224 09:24:58.091"/>
</test>
<test id="s1-t2" name=" CT02 - Criar um novo usuário (POST)" line="15">
<kw name="Create the session" library="base" type="SETUP">
<kw name="Create Session" library="RequestsLibrary">
<arg>pb</arg>
<arg>${BASE_URL}</arg>
<arg>verify=${True}</arg>
<doc>Create Session: create a HTTP session to a server</doc>
<msg timestamp="20240224 09:24:58.094" level="INFO">Creating Session using : alias=pb, url=https://jsonplaceholder.typicode.com/users/, headers={},                     cookies={}, auth=None, timeout=None, proxies=None, verify=True,                     debug=0 </msg>
<status status="PASS" starttime="20240224 09:24:58.093" endtime="20240224 09:24:58.094"/>
</kw>
<status status="PASS" starttime="20240224 09:24:58.093" endtime="20240224 09:24:58.094"/>
</kw>
<kw name="Criação de usuário" library="users">
<kw name="Create Dictionary" library="BuiltIn">
<var>${HEADERS}</var>
<arg>content-type=application/json</arg>
<doc>Creates and returns a dictionary based on the given ``items``.</doc>
<msg timestamp="20240224 09:24:58.095" level="INFO">${HEADERS} = {'content-type': 'application/json'}</msg>
<status status="PASS" starttime="20240224 09:24:58.094" endtime="20240224 09:24:58.095"/>
</kw>
<kw name="POST On Session" library="RequestsLibrary">
<var>${RESPOSTA_POST}</var>
<arg>pb</arg>
<arg>${BASE_URL}</arg>
<arg>json=${PAYLOAD}</arg>
<doc>Sends a POST request on a previously created HTTP Session.</doc>
<msg timestamp="20240224 09:24:58.549" level="INFO">POST Request : url=https://jsonplaceholder.typicode.com/users/ 
 path_url=/users/ 
 headers={'User-Agent': 'python-requests/2.31.0', 'Accept-Encoding': 'gzip, deflate, br', 'Accept': '*/*', 'Connection': 'keep-alive', 'Content-Length': '424', 'Content-Type': 'application/json'} 
 body=b'{"name": "Leanne Graham", "username": "Bret", "email": "Sincere@april.biz", "address": {"street": "Kulas Light", "suite": "Apt. 556", "city": "Gwenborough", "zipcode": "92998-3874", "geo": {"lat": "-37.3159", "lng": "81.1496"}}, "phone": "1-770-736-8031 x56442", "website": "hildegard.org", "company": {"name": "Romaguera-Crona", "catchPhrase": "Multi-layered client-server neural-net", "bs": "harness real-time e-markets"}}' 
 </msg>
<msg timestamp="20240224 09:24:58.549" level="INFO">POST Response : url=https://jsonplaceholder.typicode.com/users/ 
 status=201, reason=Created 
 headers={'Date': 'Sat, 24 Feb 2024 12:24:58 GMT', 'Content-Type': 'application/json; charset=utf-8', 'Content-Length': '510', 'Connection': 'keep-alive', 'Report-To': '{"group":"heroku-nel","max_age":3600,"endpoints":[{"url":"https://nel.heroku.com/reports?ts=1708777498&amp;sid=e11707d5-02a7-43ef-b45e-2cf4d2036f7d&amp;s=Ss5IbqkBT%2Fe6DMdfHfpkfGcxuvK08CxmX9S9dyYeJow%3D"}]}', 'Reporting-Endpoints': 'heroku-nel=https://nel.heroku.com/reports?ts=1708777498&amp;sid=e11707d5-02a7-43ef-b45e-2cf4d2036f7d&amp;s=Ss5IbqkBT%2Fe6DMdfHfpkfGcxuvK08CxmX9S9dyYeJow%3D', 'Nel': '{"report_to":"heroku-nel","max_age":3600,"success_fraction":0.005,"failure_fraction":0.05,"response_headers":["Via"]}', 'X-Powered-By': 'Express', 'X-Ratelimit-Limit': '1000', 'X-Ratelimit-Remaining': '999', 'X-Ratelimit-Reset': '1708777532', 'Vary': 'Origin, X-HTTP-Method-Override, Accept-Encoding', 'Access-Control-Allow-Credentials': 'true', 'Cache-Control': 'no-cache', 'Pragma': 'no-cache', 'Expires': '-1', 'Access-Control-Expose-Headers': 'Location', 'Location': 'https://jsonplaceholder.typicode.com/users//11', 'X-Content-Type-Options': 'nosniff', 'Etag': 'W/"1fe-Qsp7oomimE9EV84TsN0isej/CCw"', 'Via': '1.1 vegur', 'CF-Cache-Status': 'DYNAMIC', 'Server': 'cloudflare', 'CF-RAY': '85a7b04359d91f84-GIG', 'alt-svc': 'h3=":443"; ma=86400'} 
 body={
  "name": "Leanne Graham",
  "username": "Bret",
  "email": "Sincere@april.biz",
  "address": {
    "street": "Kulas Light",
    "suite": "Apt. 556",
    "city": "Gwenborough",
    "zipcode": "92998-3874",
    "geo": {
      "lat": "-37.3159",
      "lng": "81.1496"
    }
  },
  "phone": "1-770-736-8031 x56442",
  "website": "hildegard.org",
  "company": {
    "name": "Romaguera-Crona",
    "catchPhrase": "Multi-layered client-server neural-net",
    "bs": "harness real-time e-markets"
  },
  "id": 11
} 
 </msg>
<msg timestamp="20240224 09:24:58.549" level="INFO">${RESPOSTA_POST} = &lt;Response [201]&gt;</msg>
<status status="PASS" starttime="20240224 09:24:58.095" endtime="20240224 09:24:58.549"/>
</kw>
<kw name="Set Global Variable" library="BuiltIn">
<arg>${HEADERS}</arg>
<doc>Makes a variable available globally in all tests and suites.</doc>
<msg timestamp="20240224 09:24:58.557" level="INFO">${HEADERS} = {'content-type': 'application/json'}</msg>
<status status="PASS" starttime="20240224 09:24:58.549" endtime="20240224 09:24:58.557"/>
</kw>
<status status="PASS" starttime="20240224 09:24:58.094" endtime="20240224 09:24:58.557"/>
</kw>
<kw name="Given que a solicitação POST seja feita" library="users">
<kw name="Criação de usuário" library="users">
<kw name="Create Dictionary" library="BuiltIn">
<var>${HEADERS}</var>
<arg>content-type=application/json</arg>
<doc>Creates and returns a dictionary based on the given ``items``.</doc>
<msg timestamp="20240224 09:24:58.557" level="INFO">${HEADERS} = {'content-type': 'application/json'}</msg>
<status status="PASS" starttime="20240224 09:24:58.557" endtime="20240224 09:24:58.557"/>
</kw>
<kw name="POST On Session" library="RequestsLibrary">
<var>${RESPOSTA_POST}</var>
<arg>pb</arg>
<arg>${BASE_URL}</arg>
<arg>json=${PAYLOAD}</arg>
<doc>Sends a POST request on a previously created HTTP Session.</doc>
<msg timestamp="20240224 09:24:58.699" level="INFO">POST Request : url=https://jsonplaceholder.typicode.com/users/ 
 path_url=/users/ 
 headers={'User-Agent': 'python-requests/2.31.0', 'Accept-Encoding': 'gzip, deflate, br', 'Accept': '*/*', 'Connection': 'keep-alive', 'Content-Length': '424', 'Content-Type': 'application/json'} 
 body=b'{"name": "Leanne Graham", "username": "Bret", "email": "Sincere@april.biz", "address": {"street": "Kulas Light", "suite": "Apt. 556", "city": "Gwenborough", "zipcode": "92998-3874", "geo": {"lat": "-37.3159", "lng": "81.1496"}}, "phone": "1-770-736-8031 x56442", "website": "hildegard.org", "company": {"name": "Romaguera-Crona", "catchPhrase": "Multi-layered client-server neural-net", "bs": "harness real-time e-markets"}}' 
 </msg>
<msg timestamp="20240224 09:24:58.699" level="INFO">POST Response : url=https://jsonplaceholder.typicode.com/users/ 
 status=201, reason=Created 
 headers={'Date': 'Sat, 24 Feb 2024 12:24:58 GMT', 'Content-Type': 'application/json; charset=utf-8', 'Content-Length': '510', 'Connection': 'keep-alive', 'Report-To': '{"group":"heroku-nel","max_age":3600,"endpoints":[{"url":"https://nel.heroku.com/reports?ts=1708777498&amp;sid=e11707d5-02a7-43ef-b45e-2cf4d2036f7d&amp;s=Ss5IbqkBT%2Fe6DMdfHfpkfGcxuvK08CxmX9S9dyYeJow%3D"}]}', 'Reporting-Endpoints': 'heroku-nel=https://nel.heroku.com/reports?ts=1708777498&amp;sid=e11707d5-02a7-43ef-b45e-2cf4d2036f7d&amp;s=Ss5IbqkBT%2Fe6DMdfHfpkfGcxuvK08CxmX9S9dyYeJow%3D', 'Nel': '{"report_to":"heroku-nel","max_age":3600,"success_fraction":0.005,"failure_fraction":0.05,"response_headers":["Via"]}', 'X-Powered-By': 'Express', 'X-Ratelimit-Limit': '1000', 'X-Ratelimit-Remaining': '998', 'X-Ratelimit-Reset': '1708777532', 'Vary': 'Origin, X-HTTP-Method-Override, Accept-Encoding', 'Access-Control-Allow-Credentials': 'true', 'Cache-Control': 'no-cache', 'Pragma': 'no-cache', 'Expires': '-1', 'Access-Control-Expose-Headers': 'Location', 'Location': 'https://jsonplaceholder.typicode.com/users//11', 'X-Content-Type-Options': 'nosniff', 'Etag': 'W/"1fe-Qsp7oomimE9EV84TsN0isej/CCw"', 'Via': '1.1 vegur', 'CF-Cache-Status': 'DYNAMIC', 'Server': 'cloudflare', 'CF-RAY': '85a7b045ab111f84-GIG', 'alt-svc': 'h3=":443"; ma=86400'} 
 body={
  "name": "Leanne Graham",
  "username": "Bret",
  "email": "Sincere@april.biz",
  "address": {
    "street": "Kulas Light",
    "suite": "Apt. 556",
    "city": "Gwenborough",
    "zipcode": "92998-3874",
    "geo": {
      "lat": "-37.3159",
      "lng": "81.1496"
    }
  },
  "phone": "1-770-736-8031 x56442",
  "website": "hildegard.org",
  "company": {
    "name": "Romaguera-Crona",
    "catchPhrase": "Multi-layered client-server neural-net",
    "bs": "harness real-time e-markets"
  },
  "id": 11
} 
 </msg>
<msg timestamp="20240224 09:24:58.699" level="INFO">${RESPOSTA_POST} = &lt;Response [201]&gt;</msg>
<status status="PASS" starttime="20240224 09:24:58.557" endtime="20240224 09:24:58.699"/>
</kw>
<kw name="Set Global Variable" library="BuiltIn">
<arg>${HEADERS}</arg>
<doc>Makes a variable available globally in all tests and suites.</doc>
<msg timestamp="20240224 09:24:58.699" level="INFO">${HEADERS} = {'content-type': 'application/json'}</msg>
<status status="PASS" starttime="20240224 09:24:58.699" endtime="20240224 09:24:58.699"/>
</kw>
<status status="PASS" starttime="20240224 09:24:58.557" endtime="20240224 09:24:58.699"/>
</kw>
<status status="PASS" starttime="20240224 09:24:58.557" endtime="20240224 09:24:58.699"/>
</kw>
<kw name="And seja passado o body em JSON com as informações necessárias" library="users">
<kw name="Criação de usuário" library="users">
<kw name="Create Dictionary" library="BuiltIn">
<var>${HEADERS}</var>
<arg>content-type=application/json</arg>
<doc>Creates and returns a dictionary based on the given ``items``.</doc>
<msg timestamp="20240224 09:24:58.699" level="INFO">${HEADERS} = {'content-type': 'application/json'}</msg>
<status status="PASS" starttime="20240224 09:24:58.699" endtime="20240224 09:24:58.699"/>
</kw>
<kw name="POST On Session" library="RequestsLibrary">
<var>${RESPOSTA_POST}</var>
<arg>pb</arg>
<arg>${BASE_URL}</arg>
<arg>json=${PAYLOAD}</arg>
<doc>Sends a POST request on a previously created HTTP Session.</doc>
<msg timestamp="20240224 09:24:58.846" level="INFO">POST Request : url=https://jsonplaceholder.typicode.com/users/ 
 path_url=/users/ 
 headers={'User-Agent': 'python-requests/2.31.0', 'Accept-Encoding': 'gzip, deflate, br', 'Accept': '*/*', 'Connection': 'keep-alive', 'Content-Length': '424', 'Content-Type': 'application/json'} 
 body=b'{"name": "Leanne Graham", "username": "Bret", "email": "Sincere@april.biz", "address": {"street": "Kulas Light", "suite": "Apt. 556", "city": "Gwenborough", "zipcode": "92998-3874", "geo": {"lat": "-37.3159", "lng": "81.1496"}}, "phone": "1-770-736-8031 x56442", "website": "hildegard.org", "company": {"name": "Romaguera-Crona", "catchPhrase": "Multi-layered client-server neural-net", "bs": "harness real-time e-markets"}}' 
 </msg>
<msg timestamp="20240224 09:24:58.846" level="INFO">POST Response : url=https://jsonplaceholder.typicode.com/users/ 
 status=201, reason=Created 
 headers={'Date': 'Sat, 24 Feb 2024 12:24:58 GMT', 'Content-Type': 'application/json; charset=utf-8', 'Content-Length': '510', 'Connection': 'keep-alive', 'Report-To': '{"group":"heroku-nel","max_age":3600,"endpoints":[{"url":"https://nel.heroku.com/reports?ts=1708777498&amp;sid=e11707d5-02a7-43ef-b45e-2cf4d2036f7d&amp;s=Ss5IbqkBT%2Fe6DMdfHfpkfGcxuvK08CxmX9S9dyYeJow%3D"}]}', 'Reporting-Endpoints': 'heroku-nel=https://nel.heroku.com/reports?ts=1708777498&amp;sid=e11707d5-02a7-43ef-b45e-2cf4d2036f7d&amp;s=Ss5IbqkBT%2Fe6DMdfHfpkfGcxuvK08CxmX9S9dyYeJow%3D', 'Nel': '{"report_to":"heroku-nel","max_age":3600,"success_fraction":0.005,"failure_fraction":0.05,"response_headers":["Via"]}', 'X-Powered-By': 'Express', 'X-Ratelimit-Limit': '1000', 'X-Ratelimit-Remaining': '997', 'X-Ratelimit-Reset': '1708777532', 'Vary': 'Origin, X-HTTP-Method-Override, Accept-Encoding', 'Access-Control-Allow-Credentials': 'true', 'Cache-Control': 'no-cache', 'Pragma': 'no-cache', 'Expires': '-1', 'Access-Control-Expose-Headers': 'Location', 'Location': 'https://jsonplaceholder.typicode.com/users//11', 'X-Content-Type-Options': 'nosniff', 'Etag': 'W/"1fe-Qsp7oomimE9EV84TsN0isej/CCw"', 'Via': '1.1 vegur', 'CF-Cache-Status': 'DYNAMIC', 'Server': 'cloudflare', 'CF-RAY': '85a7b0468bb41f84-GIG', 'alt-svc': 'h3=":443"; ma=86400'} 
 body={
  "name": "Leanne Graham",
  "username": "Bret",
  "email": "Sincere@april.biz",
  "address": {
    "street": "Kulas Light",
    "suite": "Apt. 556",
    "city": "Gwenborough",
    "zipcode": "92998-3874",
    "geo": {
      "lat": "-37.3159",
      "lng": "81.1496"
    }
  },
  "phone": "1-770-736-8031 x56442",
  "website": "hildegard.org",
  "company": {
    "name": "Romaguera-Crona",
    "catchPhrase": "Multi-layered client-server neural-net",
    "bs": "harness real-time e-markets"
  },
  "id": 11
} 
 </msg>
<msg timestamp="20240224 09:24:58.846" level="INFO">${RESPOSTA_POST} = &lt;Response [201]&gt;</msg>
<status status="PASS" starttime="20240224 09:24:58.699" endtime="20240224 09:24:58.846"/>
</kw>
<kw name="Set Global Variable" library="BuiltIn">
<arg>${HEADERS}</arg>
<doc>Makes a variable available globally in all tests and suites.</doc>
<msg timestamp="20240224 09:24:58.846" level="INFO">${HEADERS} = {'content-type': 'application/json'}</msg>
<status status="PASS" starttime="20240224 09:24:58.846" endtime="20240224 09:24:58.846"/>
</kw>
<status status="PASS" starttime="20240224 09:24:58.699" endtime="20240224 09:24:58.846"/>
</kw>
<status status="PASS" starttime="20240224 09:24:58.699" endtime="20240224 09:24:58.846"/>
</kw>
<kw name="When obter o código de status do POST da solicitação = 201" library="users">
<kw name="Validar status code" library="users">
<kw name="Create Dictionary" library="BuiltIn">
<var>${HEADERS}</var>
<arg>content-type=application/json</arg>
<doc>Creates and returns a dictionary based on the given ``items``.</doc>
<msg timestamp="20240224 09:24:58.846" level="INFO">${HEADERS} = {'content-type': 'application/json'}</msg>
<status status="PASS" starttime="20240224 09:24:58.846" endtime="20240224 09:24:58.846"/>
</kw>
<kw name="POST On Session" library="RequestsLibrary">
<var>${RESPOSTA_POST}</var>
<arg>pb</arg>
<arg>${BASE_URL}</arg>
<arg>json=${PAYLOAD}</arg>
<doc>Sends a POST request on a previously created HTTP Session.</doc>
<msg timestamp="20240224 09:24:58.979" level="INFO">POST Request : url=https://jsonplaceholder.typicode.com/users/ 
 path_url=/users/ 
 headers={'User-Agent': 'python-requests/2.31.0', 'Accept-Encoding': 'gzip, deflate, br', 'Accept': '*/*', 'Connection': 'keep-alive', 'Content-Length': '424', 'Content-Type': 'application/json'} 
 body=b'{"name": "Leanne Graham", "username": "Bret", "email": "Sincere@april.biz", "address": {"street": "Kulas Light", "suite": "Apt. 556", "city": "Gwenborough", "zipcode": "92998-3874", "geo": {"lat": "-37.3159", "lng": "81.1496"}}, "phone": "1-770-736-8031 x56442", "website": "hildegard.org", "company": {"name": "Romaguera-Crona", "catchPhrase": "Multi-layered client-server neural-net", "bs": "harness real-time e-markets"}}' 
 </msg>
<msg timestamp="20240224 09:24:58.979" level="INFO">POST Response : url=https://jsonplaceholder.typicode.com/users/ 
 status=201, reason=Created 
 headers={'Date': 'Sat, 24 Feb 2024 12:24:58 GMT', 'Content-Type': 'application/json; charset=utf-8', 'Content-Length': '510', 'Connection': 'keep-alive', 'Report-To': '{"group":"heroku-nel","max_age":3600,"endpoints":[{"url":"https://nel.heroku.com/reports?ts=1708777498&amp;sid=e11707d5-02a7-43ef-b45e-2cf4d2036f7d&amp;s=Ss5IbqkBT%2Fe6DMdfHfpkfGcxuvK08CxmX9S9dyYeJow%3D"}]}', 'Reporting-Endpoints': 'heroku-nel=https://nel.heroku.com/reports?ts=1708777498&amp;sid=e11707d5-02a7-43ef-b45e-2cf4d2036f7d&amp;s=Ss5IbqkBT%2Fe6DMdfHfpkfGcxuvK08CxmX9S9dyYeJow%3D', 'Nel': '{"report_to":"heroku-nel","max_age":3600,"success_fraction":0.005,"failure_fraction":0.05,"response_headers":["Via"]}', 'X-Powered-By': 'Express', 'X-Ratelimit-Limit': '1000', 'X-Ratelimit-Remaining': '996', 'X-Ratelimit-Reset': '1708777532', 'Vary': 'Origin, X-HTTP-Method-Override, Accept-Encoding', 'Access-Control-Allow-Credentials': 'true', 'Cache-Control': 'no-cache', 'Pragma': 'no-cache', 'Expires': '-1', 'Access-Control-Expose-Headers': 'Location', 'Location': 'https://jsonplaceholder.typicode.com/users//11', 'X-Content-Type-Options': 'nosniff', 'Etag': 'W/"1fe-Qsp7oomimE9EV84TsN0isej/CCw"', 'Via': '1.1 vegur', 'CF-Cache-Status': 'DYNAMIC', 'Server': 'cloudflare', 'CF-RAY': '85a7b0477c4a1f84-GIG', 'alt-svc': 'h3=":443"; ma=86400'} 
 body={
  "name": "Leanne Graham",
  "username": "Bret",
  "email": "Sincere@april.biz",
  "address": {
    "street": "Kulas Light",
    "suite": "Apt. 556",
    "city": "Gwenborough",
    "zipcode": "92998-3874",
    "geo": {
      "lat": "-37.3159",
      "lng": "81.1496"
    }
  },
  "phone": "1-770-736-8031 x56442",
  "website": "hildegard.org",
  "company": {
    "name": "Romaguera-Crona",
    "catchPhrase": "Multi-layered client-server neural-net",
    "bs": "harness real-time e-markets"
  },
  "id": 11
} 
 </msg>
<msg timestamp="20240224 09:24:58.979" level="INFO">${RESPOSTA_POST} = &lt;Response [201]&gt;</msg>
<status status="PASS" starttime="20240224 09:24:58.846" endtime="20240224 09:24:58.979"/>
</kw>
<kw name="Get Value From Json" library="JSONLibrary">
<var>${ID_NEW_USER}</var>
<arg>${RESPOSTA_POST.json()}</arg>
<arg>$..id</arg>
<doc>Get Value From JSON using JSONPath</doc>
<msg timestamp="20240224 09:24:58.996" level="INFO">${ID_NEW_USER} = [11]</msg>
<status status="PASS" starttime="20240224 09:24:58.979" endtime="20240224 09:24:58.996"/>
</kw>
<kw name="Status Should Be" library="RequestsLibrary">
<arg>201</arg>
<doc>Fails if response status code is different than the expected.</doc>
<status status="PASS" starttime="20240224 09:24:58.996" endtime="20240224 09:24:58.996"/>
</kw>
<status status="PASS" starttime="20240224 09:24:58.846" endtime="20240224 09:24:58.996"/>
</kw>
<status status="PASS" starttime="20240224 09:24:58.846" endtime="20240224 09:24:58.996"/>
</kw>
<kw name="Then o response deverá conter os dados do body com o novo id criado" library="users">
<kw name="Validar id cadastrado" library="users">
<kw name="Create Dictionary" library="BuiltIn">
<var>${HEADERS}</var>
<arg>content-type=application/json</arg>
<doc>Creates and returns a dictionary based on the given ``items``.</doc>
<msg timestamp="20240224 09:24:59.010" level="INFO">${HEADERS} = {'content-type': 'application/json'}</msg>
<status status="PASS" starttime="20240224 09:24:59.010" endtime="20240224 09:24:59.010"/>
</kw>
<kw name="POST On Session" library="RequestsLibrary">
<var>${RESPOSTA_POST}</var>
<arg>pb</arg>
<arg>${BASE_URL}</arg>
<arg>json=${PAYLOAD}</arg>
<doc>Sends a POST request on a previously created HTTP Session.</doc>
<msg timestamp="20240224 09:24:59.149" level="INFO">POST Request : url=https://jsonplaceholder.typicode.com/users/ 
 path_url=/users/ 
 headers={'User-Agent': 'python-requests/2.31.0', 'Accept-Encoding': 'gzip, deflate, br', 'Accept': '*/*', 'Connection': 'keep-alive', 'Content-Length': '424', 'Content-Type': 'application/json'} 
 body=b'{"name": "Leanne Graham", "username": "Bret", "email": "Sincere@april.biz", "address": {"street": "Kulas Light", "suite": "Apt. 556", "city": "Gwenborough", "zipcode": "92998-3874", "geo": {"lat": "-37.3159", "lng": "81.1496"}}, "phone": "1-770-736-8031 x56442", "website": "hildegard.org", "company": {"name": "Romaguera-Crona", "catchPhrase": "Multi-layered client-server neural-net", "bs": "harness real-time e-markets"}}' 
 </msg>
<msg timestamp="20240224 09:24:59.149" level="INFO">POST Response : url=https://jsonplaceholder.typicode.com/users/ 
 status=201, reason=Created 
 headers={'Date': 'Sat, 24 Feb 2024 12:24:59 GMT', 'Content-Type': 'application/json; charset=utf-8', 'Content-Length': '510', 'Connection': 'keep-alive', 'Report-To': '{"group":"heroku-nel","max_age":3600,"endpoints":[{"url":"https://nel.heroku.com/reports?ts=1708777499&amp;sid=e11707d5-02a7-43ef-b45e-2cf4d2036f7d&amp;s=%2Ft5PbSltIH6Yahy0%2Fq1lH22i4Ockc9epgkvXpmcJ8jc%3D"}]}', 'Reporting-Endpoints': 'heroku-nel=https://nel.heroku.com/reports?ts=1708777499&amp;sid=e11707d5-02a7-43ef-b45e-2cf4d2036f7d&amp;s=%2Ft5PbSltIH6Yahy0%2Fq1lH22i4Ockc9epgkvXpmcJ8jc%3D', 'Nel': '{"report_to":"heroku-nel","max_age":3600,"success_fraction":0.005,"failure_fraction":0.05,"response_headers":["Via"]}', 'X-Powered-By': 'Express', 'X-Ratelimit-Limit': '1000', 'X-Ratelimit-Remaining': '995', 'X-Ratelimit-Reset': '1708777532', 'Vary': 'Origin, X-HTTP-Method-Override, Accept-Encoding', 'Access-Control-Allow-Credentials': 'true', 'Cache-Control': 'no-cache', 'Pragma': 'no-cache', 'Expires': '-1', 'Access-Control-Expose-Headers': 'Location', 'Location': 'https://jsonplaceholder.typicode.com/users//11', 'X-Content-Type-Options': 'nosniff', 'Etag': 'W/"1fe-Qsp7oomimE9EV84TsN0isej/CCw"', 'Via': '1.1 vegur', 'CF-Cache-Status': 'DYNAMIC', 'Server': 'cloudflare', 'CF-RAY': '85a7b0487d0c1f84-GIG', 'alt-svc': 'h3=":443"; ma=86400'} 
 body={
  "name": "Leanne Graham",
  "username": "Bret",
  "email": "Sincere@april.biz",
  "address": {
    "street": "Kulas Light",
    "suite": "Apt. 556",
    "city": "Gwenborough",
    "zipcode": "92998-3874",
    "geo": {
      "lat": "-37.3159",
      "lng": "81.1496"
    }
  },
  "phone": "1-770-736-8031 x56442",
  "website": "hildegard.org",
  "company": {
    "name": "Romaguera-Crona",
    "catchPhrase": "Multi-layered client-server neural-net",
    "bs": "harness real-time e-markets"
  },
  "id": 11
} 
 </msg>
<msg timestamp="20240224 09:24:59.149" level="INFO">${RESPOSTA_POST} = &lt;Response [201]&gt;</msg>
<status status="PASS" starttime="20240224 09:24:59.010" endtime="20240224 09:24:59.149"/>
</kw>
<kw name="Get Value From Json" library="JSONLibrary">
<var>${ID_NEW_USER}</var>
<arg>${RESPOSTA_POST.json()}</arg>
<arg>$..id</arg>
<doc>Get Value From JSON using JSONPath</doc>
<msg timestamp="20240224 09:24:59.164" level="INFO">${ID_NEW_USER} = [11]</msg>
<status status="PASS" starttime="20240224 09:24:59.149" endtime="20240224 09:24:59.164"/>
</kw>
<status status="PASS" starttime="20240224 09:24:59.010" endtime="20240224 09:24:59.164"/>
</kw>
<status status="PASS" starttime="20240224 09:24:59.010" endtime="20240224 09:24:59.164"/>
</kw>
<status status="PASS" starttime="20240224 09:24:58.092" endtime="20240224 09:24:59.164"/>
</test>
<test id="s1-t3" name=" CT03 - Atualizar as informações do usuário (PUT)" line="22">
<kw name="Create the session" library="base" type="SETUP">
<kw name="Create Session" library="RequestsLibrary">
<arg>pb</arg>
<arg>${BASE_URL}</arg>
<arg>verify=${True}</arg>
<doc>Create Session: create a HTTP session to a server</doc>
<msg timestamp="20240224 09:24:59.164" level="INFO">Creating Session using : alias=pb, url=https://jsonplaceholder.typicode.com/users/, headers={},                     cookies={}, auth=None, timeout=None, proxies=None, verify=True,                     debug=0 </msg>
<status status="PASS" starttime="20240224 09:24:59.164" endtime="20240224 09:24:59.164"/>
</kw>
<status status="PASS" starttime="20240224 09:24:59.164" endtime="20240224 09:24:59.164"/>
</kw>
<kw name="Atualizar um usuário PUT" library="users">
<kw name="PUT On Session" library="RequestsLibrary">
<var>${RESPOSTA_PUT}</var>
<arg>pb</arg>
<arg>${BASE_URL}/${3}</arg>
<arg>json=${PAYLOAD_2}</arg>
<doc>Sends a PUT request on a previously created HTTP Session.</doc>
<msg timestamp="20240224 09:24:59.407" level="INFO">PUT Request : url=https://jsonplaceholder.typicode.com/users//3 
 path_url=/users//3 
 headers={'User-Agent': 'python-requests/2.31.0', 'Accept-Encoding': 'gzip, deflate, br', 'Accept': '*/*', 'Connection': 'keep-alive', 'Content-Length': '427', 'Content-Type': 'application/json'} 
 body=b'{"name": "Teste Bauch", "username": "Teste", "email": "Nathan@yesenia.net", "address": {"street": "Douglas Extension", "suite": "Suite 847", "city": "McKenziehaven", "zipcode": "59590-4157", "geo": {"lat": "-68.6102", "lng": "-47.0653"}}, "phone": "1-463-123-4447", "website": "ramiro.info", "company": {"name": "Romaguera-Jacobson", "catchPhrase": "Face to face bifurcated interface", "bs": "e-enable strategic applications"}}' 
 </msg>
<msg timestamp="20240224 09:24:59.407" level="INFO">PUT Response : url=https://jsonplaceholder.typicode.com/users//3 
 status=200, reason=OK 
 headers={'Date': 'Sat, 24 Feb 2024 12:24:59 GMT', 'Content-Type': 'application/json; charset=utf-8', 'Transfer-Encoding': 'chunked', 'Connection': 'keep-alive', 'Report-To': '{"group":"heroku-nel","max_age":3600,"endpoints":[{"url":"https://nel.heroku.com/reports?ts=1708777499&amp;sid=e11707d5-02a7-43ef-b45e-2cf4d2036f7d&amp;s=%2Ft5PbSltIH6Yahy0%2Fq1lH22i4Ockc9epgkvXpmcJ8jc%3D"}]}', 'Reporting-Endpoints': 'heroku-nel=https://nel.heroku.com/reports?ts=1708777499&amp;sid=e11707d5-02a7-43ef-b45e-2cf4d2036f7d&amp;s=%2Ft5PbSltIH6Yahy0%2Fq1lH22i4Ockc9epgkvXpmcJ8jc%3D', 'Nel': '{"report_to":"heroku-nel","max_age":3600,"success_fraction":0.005,"failure_fraction":0.05,"response_headers":["Via"]}', 'X-Powered-By': 'Express', 'X-Ratelimit-Limit': '1000', 'X-Ratelimit-Remaining': '994', 'X-Ratelimit-Reset': '1708777532', 'Vary': 'Origin, Accept-Encoding', 'Access-Control-Allow-Credentials': 'true', 'Cache-Control': 'no-cache', 'Pragma': 'no-cache', 'Expires': '-1', 'X-Content-Type-Options': 'nosniff', 'Etag': 'W/"200-uLkVMsn6/tmZUq23Zu9q3ZttGJI"', 'Via': '1.1 vegur', 'CF-Cache-Status': 'DYNAMIC', 'Server': 'cloudflare', 'CF-RAY': '85a7b049fe8b118a-GIG', 'Content-Encoding': 'br', 'alt-svc': 'h3=":443"; ma=86400'} 
 body={
  "name": "Teste Bauch",
  "username": "Teste",
  "email": "Nathan@yesenia.net",
  "address": {
    "street": "Douglas Extension",
    "suite": "Suite 847",
    "city": "McKenziehaven",
    "zipcode": "59590-4157",
    "geo": {
      "lat": "-68.6102",
      "lng": "-47.0653"
    }
  },
  "phone": "1-463-123-4447",
  "website": "ramiro.info",
  "company": {
    "name": "Romaguera-Jacobson",
    "catchPhrase": "Face to face bifurcated interface",
    "bs": "e-enable strategic applications"
  },
  "id": 3
} 
 </msg>
<msg timestamp="20240224 09:24:59.407" level="INFO">${RESPOSTA_PUT} = &lt;Response [200]&gt;</msg>
<status status="PASS" starttime="20240224 09:24:59.164" endtime="20240224 09:24:59.407"/>
</kw>
<kw name="Set Test Variable" library="BuiltIn">
<arg>${RESPOSTA_PUT}</arg>
<doc>Makes a variable available everywhere within the scope of the current test.</doc>
<msg timestamp="20240224 09:24:59.407" level="INFO">${RESPOSTA_PUT} = &lt;Response [200]&gt;</msg>
<status status="PASS" starttime="20240224 09:24:59.407" endtime="20240224 09:24:59.407"/>
</kw>
<status status="PASS" starttime="20240224 09:24:59.164" endtime="20240224 09:24:59.407"/>
</kw>
<kw name="Given que a solicitação PUT seja feita" library="users">
<kw name="Atualizar um usuário PUT" library="users">
<kw name="PUT On Session" library="RequestsLibrary">
<var>${RESPOSTA_PUT}</var>
<arg>pb</arg>
<arg>${BASE_URL}/${3}</arg>
<arg>json=${PAYLOAD_2}</arg>
<doc>Sends a PUT request on a previously created HTTP Session.</doc>
<msg timestamp="20240224 09:24:59.554" level="INFO">PUT Request : url=https://jsonplaceholder.typicode.com/users//3 
 path_url=/users//3 
 headers={'User-Agent': 'python-requests/2.31.0', 'Accept-Encoding': 'gzip, deflate, br', 'Accept': '*/*', 'Connection': 'keep-alive', 'Content-Length': '427', 'Content-Type': 'application/json'} 
 body=b'{"name": "Teste Bauch", "username": "Teste", "email": "Nathan@yesenia.net", "address": {"street": "Douglas Extension", "suite": "Suite 847", "city": "McKenziehaven", "zipcode": "59590-4157", "geo": {"lat": "-68.6102", "lng": "-47.0653"}}, "phone": "1-463-123-4447", "website": "ramiro.info", "company": {"name": "Romaguera-Jacobson", "catchPhrase": "Face to face bifurcated interface", "bs": "e-enable strategic applications"}}' 
 </msg>
<msg timestamp="20240224 09:24:59.554" level="INFO">PUT Response : url=https://jsonplaceholder.typicode.com/users//3 
 status=200, reason=OK 
 headers={'Date': 'Sat, 24 Feb 2024 12:24:59 GMT', 'Content-Type': 'application/json; charset=utf-8', 'Transfer-Encoding': 'chunked', 'Connection': 'keep-alive', 'Report-To': '{"group":"heroku-nel","max_age":3600,"endpoints":[{"url":"https://nel.heroku.com/reports?ts=1708777499&amp;sid=e11707d5-02a7-43ef-b45e-2cf4d2036f7d&amp;s=%2Ft5PbSltIH6Yahy0%2Fq1lH22i4Ockc9epgkvXpmcJ8jc%3D"}]}', 'Reporting-Endpoints': 'heroku-nel=https://nel.heroku.com/reports?ts=1708777499&amp;sid=e11707d5-02a7-43ef-b45e-2cf4d2036f7d&amp;s=%2Ft5PbSltIH6Yahy0%2Fq1lH22i4Ockc9epgkvXpmcJ8jc%3D', 'Nel': '{"report_to":"heroku-nel","max_age":3600,"success_fraction":0.005,"failure_fraction":0.05,"response_headers":["Via"]}', 'X-Powered-By': 'Express', 'X-Ratelimit-Limit': '1000', 'X-Ratelimit-Remaining': '993', 'X-Ratelimit-Reset': '1708777532', 'Vary': 'Origin, Accept-Encoding', 'Access-Control-Allow-Credentials': 'true', 'Cache-Control': 'no-cache', 'Pragma': 'no-cache', 'Expires': '-1', 'X-Content-Type-Options': 'nosniff', 'Etag': 'W/"200-uLkVMsn6/tmZUq23Zu9q3ZttGJI"', 'Via': '1.1 vegur', 'CF-Cache-Status': 'DYNAMIC', 'Server': 'cloudflare', 'CF-RAY': '85a7b04aff73118a-GIG', 'Content-Encoding': 'br', 'alt-svc': 'h3=":443"; ma=86400'} 
 body={
  "name": "Teste Bauch",
  "username": "Teste",
  "email": "Nathan@yesenia.net",
  "address": {
    "street": "Douglas Extension",
    "suite": "Suite 847",
    "city": "McKenziehaven",
    "zipcode": "59590-4157",
    "geo": {
      "lat": "-68.6102",
      "lng": "-47.0653"
    }
  },
  "phone": "1-463-123-4447",
  "website": "ramiro.info",
  "company": {
    "name": "Romaguera-Jacobson",
    "catchPhrase": "Face to face bifurcated interface",
    "bs": "e-enable strategic applications"
  },
  "id": 3
} 
 </msg>
<msg timestamp="20240224 09:24:59.554" level="INFO">${RESPOSTA_PUT} = &lt;Response [200]&gt;</msg>
<status status="PASS" starttime="20240224 09:24:59.407" endtime="20240224 09:24:59.554"/>
</kw>
<kw name="Set Test Variable" library="BuiltIn">
<arg>${RESPOSTA_PUT}</arg>
<doc>Makes a variable available everywhere within the scope of the current test.</doc>
<msg timestamp="20240224 09:24:59.555" level="INFO">${RESPOSTA_PUT} = &lt;Response [200]&gt;</msg>
<status status="PASS" starttime="20240224 09:24:59.554" endtime="20240224 09:24:59.555"/>
</kw>
<status status="PASS" starttime="20240224 09:24:59.407" endtime="20240224 09:24:59.555"/>
</kw>
<status status="PASS" starttime="20240224 09:24:59.407" endtime="20240224 09:24:59.555"/>
</kw>
<kw name="And seja atualizado alguma informação no body" library="users">
<kw name="Atualizar um usuário PUT" library="users">
<kw name="PUT On Session" library="RequestsLibrary">
<var>${RESPOSTA_PUT}</var>
<arg>pb</arg>
<arg>${BASE_URL}/${3}</arg>
<arg>json=${PAYLOAD_2}</arg>
<doc>Sends a PUT request on a previously created HTTP Session.</doc>
<msg timestamp="20240224 09:24:59.696" level="INFO">PUT Request : url=https://jsonplaceholder.typicode.com/users//3 
 path_url=/users//3 
 headers={'User-Agent': 'python-requests/2.31.0', 'Accept-Encoding': 'gzip, deflate, br', 'Accept': '*/*', 'Connection': 'keep-alive', 'Content-Length': '427', 'Content-Type': 'application/json'} 
 body=b'{"name": "Teste Bauch", "username": "Teste", "email": "Nathan@yesenia.net", "address": {"street": "Douglas Extension", "suite": "Suite 847", "city": "McKenziehaven", "zipcode": "59590-4157", "geo": {"lat": "-68.6102", "lng": "-47.0653"}}, "phone": "1-463-123-4447", "website": "ramiro.info", "company": {"name": "Romaguera-Jacobson", "catchPhrase": "Face to face bifurcated interface", "bs": "e-enable strategic applications"}}' 
 </msg>
<msg timestamp="20240224 09:24:59.696" level="INFO">PUT Response : url=https://jsonplaceholder.typicode.com/users//3 
 status=200, reason=OK 
 headers={'Date': 'Sat, 24 Feb 2024 12:24:59 GMT', 'Content-Type': 'application/json; charset=utf-8', 'Transfer-Encoding': 'chunked', 'Connection': 'keep-alive', 'Report-To': '{"group":"heroku-nel","max_age":3600,"endpoints":[{"url":"https://nel.heroku.com/reports?ts=1708777499&amp;sid=e11707d5-02a7-43ef-b45e-2cf4d2036f7d&amp;s=%2Ft5PbSltIH6Yahy0%2Fq1lH22i4Ockc9epgkvXpmcJ8jc%3D"}]}', 'Reporting-Endpoints': 'heroku-nel=https://nel.heroku.com/reports?ts=1708777499&amp;sid=e11707d5-02a7-43ef-b45e-2cf4d2036f7d&amp;s=%2Ft5PbSltIH6Yahy0%2Fq1lH22i4Ockc9epgkvXpmcJ8jc%3D', 'Nel': '{"report_to":"heroku-nel","max_age":3600,"success_fraction":0.005,"failure_fraction":0.05,"response_headers":["Via"]}', 'X-Powered-By': 'Express', 'X-Ratelimit-Limit': '1000', 'X-Ratelimit-Remaining': '992', 'X-Ratelimit-Reset': '1708777532', 'Vary': 'Origin, Accept-Encoding', 'Access-Control-Allow-Credentials': 'true', 'Cache-Control': 'no-cache', 'Pragma': 'no-cache', 'Expires': '-1', 'X-Content-Type-Options': 'nosniff', 'Etag': 'W/"200-uLkVMsn6/tmZUq23Zu9q3ZttGJI"', 'Via': '1.1 vegur', 'CF-Cache-Status': 'DYNAMIC', 'Server': 'cloudflare', 'CF-RAY': '85a7b04beffd118a-GIG', 'Content-Encoding': 'br', 'alt-svc': 'h3=":443"; ma=86400'} 
 body={
  "name": "Teste Bauch",
  "username": "Teste",
  "email": "Nathan@yesenia.net",
  "address": {
    "street": "Douglas Extension",
    "suite": "Suite 847",
    "city": "McKenziehaven",
    "zipcode": "59590-4157",
    "geo": {
      "lat": "-68.6102",
      "lng": "-47.0653"
    }
  },
  "phone": "1-463-123-4447",
  "website": "ramiro.info",
  "company": {
    "name": "Romaguera-Jacobson",
    "catchPhrase": "Face to face bifurcated interface",
    "bs": "e-enable strategic applications"
  },
  "id": 3
} 
 </msg>
<msg timestamp="20240224 09:24:59.696" level="INFO">${RESPOSTA_PUT} = &lt;Response [200]&gt;</msg>
<status status="PASS" starttime="20240224 09:24:59.556" endtime="20240224 09:24:59.696"/>
</kw>
<kw name="Set Test Variable" library="BuiltIn">
<arg>${RESPOSTA_PUT}</arg>
<doc>Makes a variable available everywhere within the scope of the current test.</doc>
<msg timestamp="20240224 09:24:59.696" level="INFO">${RESPOSTA_PUT} = &lt;Response [200]&gt;</msg>
<status status="PASS" starttime="20240224 09:24:59.696" endtime="20240224 09:24:59.696"/>
</kw>
<status status="PASS" starttime="20240224 09:24:59.556" endtime="20240224 09:24:59.696"/>
</kw>
<status status="PASS" starttime="20240224 09:24:59.555" endtime="20240224 09:24:59.696"/>
</kw>
<kw name="When obter o código de status do PUT da solicitação = 200" library="users">
<kw name="Validar status code PUT" library="users">
<kw name="PUT On Session" library="RequestsLibrary">
<var>${RESPOSTA_PUT}</var>
<arg>pb</arg>
<arg>${BASE_URL}/${3}</arg>
<arg>json=${PAYLOAD_2}</arg>
<doc>Sends a PUT request on a previously created HTTP Session.</doc>
<msg timestamp="20240224 09:24:59.854" level="INFO">PUT Request : url=https://jsonplaceholder.typicode.com/users//3 
 path_url=/users//3 
 headers={'User-Agent': 'python-requests/2.31.0', 'Accept-Encoding': 'gzip, deflate, br', 'Accept': '*/*', 'Connection': 'keep-alive', 'Content-Length': '427', 'Content-Type': 'application/json'} 
 body=b'{"name": "Teste Bauch", "username": "Teste", "email": "Nathan@yesenia.net", "address": {"street": "Douglas Extension", "suite": "Suite 847", "city": "McKenziehaven", "zipcode": "59590-4157", "geo": {"lat": "-68.6102", "lng": "-47.0653"}}, "phone": "1-463-123-4447", "website": "ramiro.info", "company": {"name": "Romaguera-Jacobson", "catchPhrase": "Face to face bifurcated interface", "bs": "e-enable strategic applications"}}' 
 </msg>
<msg timestamp="20240224 09:24:59.854" level="INFO">PUT Response : url=https://jsonplaceholder.typicode.com/users//3 
 status=200, reason=OK 
 headers={'Date': 'Sat, 24 Feb 2024 12:24:59 GMT', 'Content-Type': 'application/json; charset=utf-8', 'Transfer-Encoding': 'chunked', 'Connection': 'keep-alive', 'Report-To': '{"group":"heroku-nel","max_age":3600,"endpoints":[{"url":"https://nel.heroku.com/reports?ts=1708777499&amp;sid=e11707d5-02a7-43ef-b45e-2cf4d2036f7d&amp;s=%2Ft5PbSltIH6Yahy0%2Fq1lH22i4Ockc9epgkvXpmcJ8jc%3D"}]}', 'Reporting-Endpoints': 'heroku-nel=https://nel.heroku.com/reports?ts=1708777499&amp;sid=e11707d5-02a7-43ef-b45e-2cf4d2036f7d&amp;s=%2Ft5PbSltIH6Yahy0%2Fq1lH22i4Ockc9epgkvXpmcJ8jc%3D', 'Nel': '{"report_to":"heroku-nel","max_age":3600,"success_fraction":0.005,"failure_fraction":0.05,"response_headers":["Via"]}', 'X-Powered-By': 'Express', 'X-Ratelimit-Limit': '1000', 'X-Ratelimit-Remaining': '991', 'X-Ratelimit-Reset': '1708777532', 'Vary': 'Origin, Accept-Encoding', 'Access-Control-Allow-Credentials': 'true', 'Cache-Control': 'no-cache', 'Pragma': 'no-cache', 'Expires': '-1', 'X-Content-Type-Options': 'nosniff', 'Etag': 'W/"200-uLkVMsn6/tmZUq23Zu9q3ZttGJI"', 'Via': '1.1 vegur', 'CF-Cache-Status': 'DYNAMIC', 'Server': 'cloudflare', 'CF-RAY': '85a7b04cd85f118a-GIG', 'Content-Encoding': 'br', 'alt-svc': 'h3=":443"; ma=86400'} 
 body={
  "name": "Teste Bauch",
  "username": "Teste",
  "email": "Nathan@yesenia.net",
  "address": {
    "street": "Douglas Extension",
    "suite": "Suite 847",
    "city": "McKenziehaven",
    "zipcode": "59590-4157",
    "geo": {
      "lat": "-68.6102",
      "lng": "-47.0653"
    }
  },
  "phone": "1-463-123-4447",
  "website": "ramiro.info",
  "company": {
    "name": "Romaguera-Jacobson",
    "catchPhrase": "Face to face bifurcated interface",
    "bs": "e-enable strategic applications"
  },
  "id": 3
} 
 </msg>
<msg timestamp="20240224 09:24:59.854" level="INFO">${RESPOSTA_PUT} = &lt;Response [200]&gt;</msg>
<status status="PASS" starttime="20240224 09:24:59.696" endtime="20240224 09:24:59.854"/>
</kw>
<kw name="Set Test Variable" library="BuiltIn">
<arg>${RESPOSTA_PUT}</arg>
<doc>Makes a variable available everywhere within the scope of the current test.</doc>
<msg timestamp="20240224 09:24:59.854" level="INFO">${RESPOSTA_PUT} = &lt;Response [200]&gt;</msg>
<status status="PASS" starttime="20240224 09:24:59.854" endtime="20240224 09:24:59.854"/>
</kw>
<kw name="Status Should Be" library="RequestsLibrary">
<arg>200</arg>
<doc>Fails if response status code is different than the expected.</doc>
<status status="PASS" starttime="20240224 09:24:59.855" endtime="20240224 09:24:59.855"/>
</kw>
<status status="PASS" starttime="20240224 09:24:59.696" endtime="20240224 09:24:59.855"/>
</kw>
<status status="PASS" starttime="20240224 09:24:59.696" endtime="20240224 09:24:59.855"/>
</kw>
<kw name="Then o response deverá conter os dados atualizados" library="users">
<kw name="Validar se alteração consta no response" library="users">
<kw name="PUT On Session" library="RequestsLibrary">
<var>${RESPOSTA_PUT}</var>
<arg>pb</arg>
<arg>${BASE_URL}/${3}</arg>
<arg>json=${PAYLOAD_2}</arg>
<doc>Sends a PUT request on a previously created HTTP Session.</doc>
<msg timestamp="20240224 09:25:00.000" level="INFO">PUT Request : url=https://jsonplaceholder.typicode.com/users//3 
 path_url=/users//3 
 headers={'User-Agent': 'python-requests/2.31.0', 'Accept-Encoding': 'gzip, deflate, br', 'Accept': '*/*', 'Connection': 'keep-alive', 'Content-Length': '427', 'Content-Type': 'application/json'} 
 body=b'{"name": "Teste Bauch", "username": "Teste", "email": "Nathan@yesenia.net", "address": {"street": "Douglas Extension", "suite": "Suite 847", "city": "McKenziehaven", "zipcode": "59590-4157", "geo": {"lat": "-68.6102", "lng": "-47.0653"}}, "phone": "1-463-123-4447", "website": "ramiro.info", "company": {"name": "Romaguera-Jacobson", "catchPhrase": "Face to face bifurcated interface", "bs": "e-enable strategic applications"}}' 
 </msg>
<msg timestamp="20240224 09:25:00.000" level="INFO">PUT Response : url=https://jsonplaceholder.typicode.com/users//3 
 status=200, reason=OK 
 headers={'Date': 'Sat, 24 Feb 2024 12:24:59 GMT', 'Content-Type': 'application/json; charset=utf-8', 'Transfer-Encoding': 'chunked', 'Connection': 'keep-alive', 'Report-To': '{"group":"heroku-nel","max_age":3600,"endpoints":[{"url":"https://nel.heroku.com/reports?ts=1708777499&amp;sid=e11707d5-02a7-43ef-b45e-2cf4d2036f7d&amp;s=%2Ft5PbSltIH6Yahy0%2Fq1lH22i4Ockc9epgkvXpmcJ8jc%3D"}]}', 'Reporting-Endpoints': 'heroku-nel=https://nel.heroku.com/reports?ts=1708777499&amp;sid=e11707d5-02a7-43ef-b45e-2cf4d2036f7d&amp;s=%2Ft5PbSltIH6Yahy0%2Fq1lH22i4Ockc9epgkvXpmcJ8jc%3D', 'Nel': '{"report_to":"heroku-nel","max_age":3600,"success_fraction":0.005,"failure_fraction":0.05,"response_headers":["Via"]}', 'X-Powered-By': 'Express', 'X-Ratelimit-Limit': '1000', 'X-Ratelimit-Remaining': '990', 'X-Ratelimit-Reset': '1708777532', 'Vary': 'Origin, Accept-Encoding', 'Access-Control-Allow-Credentials': 'true', 'Cache-Control': 'no-cache', 'Pragma': 'no-cache', 'Expires': '-1', 'X-Content-Type-Options': 'nosniff', 'Etag': 'W/"200-uLkVMsn6/tmZUq23Zu9q3ZttGJI"', 'Via': '1.1 vegur', 'CF-Cache-Status': 'DYNAMIC', 'Server': 'cloudflare', 'CF-RAY': '85a7b04dc92e118a-GIG', 'Content-Encoding': 'br', 'alt-svc': 'h3=":443"; ma=86400'} 
 body={
  "name": "Teste Bauch",
  "username": "Teste",
  "email": "Nathan@yesenia.net",
  "address": {
    "street": "Douglas Extension",
    "suite": "Suite 847",
    "city": "McKenziehaven",
    "zipcode": "59590-4157",
    "geo": {
      "lat": "-68.6102",
      "lng": "-47.0653"
    }
  },
  "phone": "1-463-123-4447",
  "website": "ramiro.info",
  "company": {
    "name": "Romaguera-Jacobson",
    "catchPhrase": "Face to face bifurcated interface",
    "bs": "e-enable strategic applications"
  },
  "id": 3
} 
 </msg>
<msg timestamp="20240224 09:25:00.000" level="INFO">${RESPOSTA_PUT} = &lt;Response [200]&gt;</msg>
<status status="PASS" starttime="20240224 09:24:59.856" endtime="20240224 09:25:00.000"/>
</kw>
<kw name="Set Test Variable" library="BuiltIn">
<arg>${RESPOSTA_PUT}</arg>
<doc>Makes a variable available everywhere within the scope of the current test.</doc>
<msg timestamp="20240224 09:25:00.001" level="INFO">${RESPOSTA_PUT} = &lt;Response [200]&gt;</msg>
<status status="PASS" starttime="20240224 09:25:00.000" endtime="20240224 09:25:00.001"/>
</kw>
<kw name="Status Should Be" library="RequestsLibrary">
<arg>200</arg>
<doc>Fails if response status code is different than the expected.</doc>
<status status="PASS" starttime="20240224 09:25:00.001" endtime="20240224 09:25:00.001"/>
</kw>
<kw name="Should Be Equal" library="BuiltIn">
<arg>Teste Bauch</arg>
<arg>${RESPOSTA_PUT.json()}[name]</arg>
<doc>Fails if the given objects are unequal.</doc>
<status status="PASS" starttime="20240224 09:25:00.001" endtime="20240224 09:25:00.001"/>
</kw>
<status status="PASS" starttime="20240224 09:24:59.856" endtime="20240224 09:25:00.001"/>
</kw>
<status status="PASS" starttime="20240224 09:24:59.855" endtime="20240224 09:25:00.001"/>
</kw>
<status status="PASS" starttime="20240224 09:24:59.164" endtime="20240224 09:25:00.003"/>
</test>
<test id="s1-t4" name=" CT04 - Deletar o cadastro de um usuário (DELETE)" line="29">
<kw name="Create the session" library="base" type="SETUP">
<kw name="Create Session" library="RequestsLibrary">
<arg>pb</arg>
<arg>${BASE_URL}</arg>
<arg>verify=${True}</arg>
<doc>Create Session: create a HTTP session to a server</doc>
<msg timestamp="20240224 09:25:00.005" level="INFO">Creating Session using : alias=pb, url=https://jsonplaceholder.typicode.com/users/, headers={},                     cookies={}, auth=None, timeout=None, proxies=None, verify=True,                     debug=0 </msg>
<status status="PASS" starttime="20240224 09:25:00.005" endtime="20240224 09:25:00.005"/>
</kw>
<status status="PASS" starttime="20240224 09:25:00.005" endtime="20240224 09:25:00.005"/>
</kw>
<kw name="Deletar um usuário" library="users">
<kw name="GET On Session" library="RequestsLibrary">
<var>${RESPOSTA_GET}</var>
<arg>pb</arg>
<arg>${BASE_URL}</arg>
<doc>Sends a GET request on a previously created HTTP Session.</doc>
<msg timestamp="20240224 09:25:00.098" level="INFO">GET Request : url=https://jsonplaceholder.typicode.com/users/ 
 path_url=/users/ 
 headers={'User-Agent': 'python-requests/2.31.0', 'Accept-Encoding': 'gzip, deflate, br', 'Accept': '*/*', 'Connection': 'keep-alive'} 
 body=None 
 </msg>
<msg timestamp="20240224 09:25:00.098" level="INFO">GET Response : url=https://jsonplaceholder.typicode.com/users/ 
 status=200, reason=OK 
 headers={'Date': 'Sat, 24 Feb 2024 12:25:00 GMT', 'Content-Type': 'application/json; charset=utf-8', 'Transfer-Encoding': 'chunked', 'Connection': 'keep-alive', 'Report-To': '{"group":"heroku-nel","max_age":3600,"endpoints":[{"url":"https://nel.heroku.com/reports?ts=1707950759&amp;sid=e11707d5-02a7-43ef-b45e-2cf4d2036f7d&amp;s=%2BsbPY08W5zwn6ARGgANaESEksjK98%2F%2BU0wOCFN7wEx0%3D"}]}', 'Reporting-Endpoints': 'heroku-nel=https://nel.heroku.com/reports?ts=1707950759&amp;sid=e11707d5-02a7-43ef-b45e-2cf4d2036f7d&amp;s=%2BsbPY08W5zwn6ARGgANaESEksjK98%2F%2BU0wOCFN7wEx0%3D', 'Nel': '{"report_to":"heroku-nel","max_age":3600,"success_fraction":0.005,"failure_fraction":0.05,"response_headers":["Via"]}', 'X-Powered-By': 'Express', 'X-Ratelimit-Limit': '1000', 'X-Ratelimit-Remaining': '999', 'X-Ratelimit-Reset': '1707950797', 'Vary': 'Origin, Accept-Encoding', 'Access-Control-Allow-Credentials': 'true', 'Cache-Control': 'max-age=43200', 'Pragma': 'no-cache', 'Expires': '-1', 'X-Content-Type-Options': 'nosniff', 'Etag': 'W/"160d-1eMSsxeJRfnVLRBmYJSbCiJZ1qQ"', 'Via': '1.1 vegur', 'CF-Cache-Status': 'HIT', 'Age': '4117', 'Server': 'cloudflare', 'CF-RAY': '85a7b04f1af77a67-GIG', 'Content-Encoding': 'br', 'alt-svc': 'h3=":443"; ma=86400'} 
 body=[
  {
    "id": 1,
    "name": "Leanne Graham",
    "username": "Bret",
    "email": "Sincere@april.biz",
    "address": {
      "street": "Kulas Light",
      "suite": "Apt. 556",
      "city": "Gwenborough",
      "zipcode": "92998-3874",
      "geo": {
        "lat": "-37.3159",
        "lng": "81.1496"
      }
    },
    "phone": "1-770-736-8031 x56442",
    "website": "hildegard.org",
    "company": {
      "name": "Romaguera-Crona",
      "catchPhrase": "Multi-layered client-server neural-net",
      "bs": "harness real-time e-markets"
    }
  },
  {
    "id": 2,
    "name": "Ervin Howell",
    "username": "Antonette",
    "email": "Shanna@melissa.tv",
    "address": {
      "street": "Victor Plains",
      "suite": "Suite 879",
      "city": "Wisokyburgh",
      "zipcode": "90566-7771",
      "geo": {
        "lat": "-43.9509",
        "lng": "-34.4618"
      }
    },
    "phone": "010-692-6593 x09125",
    "website": "anastasia.net",
    "company": {
      "name": "Deckow-Crist",
      "catchPhrase": "Proactive didactic contingency",
      "bs": "synergize scalable supply-chains"
    }
  },
  {
    "id": 3,
    "name": "Clementine Bauch",
    "username": "Samantha",
    "email": "Nathan@yesenia.net",
    "address": {
      "street": "Douglas Extension",
      "suite": "Suite 847",
      "city": "McKenziehaven",
      "zipcode": "59590-4157",
      "geo": {
        "lat": "-68.6102",
        "lng": "-47.0653"
      }
    },
    "phone": "1-463-123-4447",
    "website": "ramiro.info",
    "company": {
      "name": "Romaguera-Jacobson",
      "catchPhrase": "Face to face bifurcated interface",
      "bs": "e-enable strategic applications"
    }
  },
  {
    "id": 4,
    "name": "Patricia Lebsack",
    "username": "Karianne",
    "email": "Julianne.OConner@kory.org",
    "address": {
      "street": "Hoeger Mall",
      "suite": "Apt. 692",
      "city": "South Elvis",
      "zipcode": "53919-4257",
      "geo": {
        "lat": "29.4572",
        "lng": "-164.2990"
      }
    },
    "phone": "493-170-9623 x156",
    "website": "kale.biz",
    "company": {
      "name": "Robel-Corkery",
      "catchPhrase": "Multi-tiered zero tolerance productivity",
      "bs": "transition cutting-edge web services"
    }
  },
  {
    "id": 5,
    "name": "Chelsey Dietrich",
    "username": "Kamren",
    "email": "Lucio_Hettinger@annie.ca",
    "address": {
      "street": "Skiles Walks",
      "suite": "Suite 351",
      "city": "Roscoeview",
      "zipcode": "33263",
      "geo": {
        "lat": "-31.8129",
        "lng": "62.5342"
      }
    },
    "phone": "(254)954-1289",
    "website": "demarco.info",
    "company": {
      "name": "Keebler LLC",
      "catchPhrase": "User-centric fault-tolerant solution",
      "bs": "revolutionize end-to-end systems"
    }
  },
  {
    "id": 6,
    "name": "Mrs. Dennis Schulist",
    "username": "Leopoldo_Corkery",
    "email": "Karley_Dach@jasper.info",
    "address": {
      "street": "Norberto Crossing",
      "suite": "Apt. 950",
      "city": "South Christy",
      "zipcode": "23505-1337",
      "geo": {
        "lat": "-71.4197",
        "lng": "71.7478"
      }
    },
    "phone": "1-477-935-8478 x6430",
    "website": "ola.org",
    "company": {
      "name": "Considine-Lockman",
      "catchPhrase": "Synchronised bottom-line interface",
      "bs": "e-enable innovative applications"
    }
  },
  {
    "id": 7,
    "name": "Kurtis Weissnat",
    "username": "Elwyn.Skiles",
    "email": "Telly.Hoeger@billy.biz",
    "address": {
      "street": "Rex Trail",
      "suite": "Suite 280",
      "city": "Howemouth",
      "zipcode": "58804-1099",
      "geo": {
        "lat": "24.8918",
        "lng": "21.8984"
      }
    },
    "phone": "210.067.6132",
    "website": "elvis.io",
    "company": {
      "name": "Johns Group",
      "catchPhrase": "Configurable multimedia task-force",
      "bs": "generate enterprise e-tailers"
    }
  },
  {
    "id": 8,
    "name": "Nicholas Runolfsdottir V",
    "username": "Maxime_Nienow",
    "email": "Sherwood@rosamond.me",
    "address": {
      "street": "Ellsworth Summit",
      "suite": "Suite 729",
      "city": "Aliyaview",
      "zipcode": "45169",
      "geo": {
        "lat": "-14.3990",
        "lng": "-120.7677"
      }
    },
    "phone": "586.493.6943 x140",
    "website": "jacynthe.com",
    "company": {
      "name": "Abernathy Group",
      "catchPhrase": "Implemented secondary concept",
      "bs": "e-enable extensible e-tailers"
    }
  },
  {
    "id": 9,
    "name": "Glenna Reichert",
    "username": "Delphine",
    "email": "Chaim_McDermott@dana.io",
    "address": {
      "street": "Dayna Park",
      "suite": "Suite 449",
      "city": "Bartholomebury",
      "zipcode": "76495-3109",
      "geo": {
        "lat": "24.6463",
        "lng": "-168.8889"
      }
    },
    "phone": "(775)976-6794 x41206",
    "website": "conrad.com",
    "company": {
      "name": "Yost and Sons",
      "catchPhrase": "Switchable contextually-based project",
      "bs": "aggregate real-time technologies"
    }
  },
  {
    "id": 10,
    "name": "Clementina DuBuque",
    "username": "Moriah.Stanton",
    "email": "Rey.Padberg@karina.biz",
    "address": {
      "street": "Kattie Turnpike",
      "suite": "Suite 198",
      "city": "Lebsackbury",
      "zipcode": "31428-2261",
      "geo": {
        "lat": "-38.2386",
        "lng": "57.2232"
      }
    },
    "phone": "024-648-3804",
    "website": "ambrose.net",
    "company": {
      "name": "Hoeger LLC",
      "catchPhrase": "Centralized empowering task-force",
      "bs": "target end-to-end models"
    }
  }
] 
 </msg>
<msg timestamp="20240224 09:25:00.099" level="INFO">${RESPOSTA_GET} = &lt;Response [200]&gt;</msg>
<status status="PASS" starttime="20240224 09:25:00.005" endtime="20240224 09:25:00.099"/>
</kw>
<kw name="DELETE On Session" library="RequestsLibrary">
<var>${RESPOSTA_DEL}</var>
<arg>pb</arg>
<arg>${BASE_URL}${4}</arg>
<doc>Sends a DELETE request on a previously created HTTP Session.</doc>
<msg timestamp="20240224 09:25:00.245" level="INFO">DELETE Request : url=https://jsonplaceholder.typicode.com/users/4 
 path_url=/users/4 
 headers={'User-Agent': 'python-requests/2.31.0', 'Accept-Encoding': 'gzip, deflate, br', 'Accept': '*/*', 'Connection': 'keep-alive', 'Content-Length': '0'} 
 body=None 
 </msg>
<msg timestamp="20240224 09:25:00.245" level="INFO">DELETE Response : url=https://jsonplaceholder.typicode.com/users/4 
 status=200, reason=OK 
 headers={'Date': 'Sat, 24 Feb 2024 12:25:00 GMT', 'Content-Type': 'application/json; charset=utf-8', 'Content-Length': '2', 'Connection': 'keep-alive', 'Report-To': '{"group":"heroku-nel","max_age":3600,"endpoints":[{"url":"https://nel.heroku.com/reports?ts=1708777500&amp;sid=e11707d5-02a7-43ef-b45e-2cf4d2036f7d&amp;s=eQmaArGTBJWQb%2BEkMe8o3SwIXOt04HVKtzFuUDXrNZ8%3D"}]}', 'Reporting-Endpoints': 'heroku-nel=https://nel.heroku.com/reports?ts=1708777500&amp;sid=e11707d5-02a7-43ef-b45e-2cf4d2036f7d&amp;s=eQmaArGTBJWQb%2BEkMe8o3SwIXOt04HVKtzFuUDXrNZ8%3D', 'Nel': '{"report_to":"heroku-nel","max_age":3600,"success_fraction":0.005,"failure_fraction":0.05,"response_headers":["Via"]}', 'X-Powered-By': 'Express', 'X-Ratelimit-Limit': '1000', 'X-Ratelimit-Remaining': '989', 'X-Ratelimit-Reset': '1708777532', 'Vary': 'Origin, Accept-Encoding', 'Access-Control-Allow-Credentials': 'true', 'Cache-Control': 'no-cache', 'Pragma': 'no-cache', 'Expires': '-1', 'X-Content-Type-Options': 'nosniff', 'Etag': 'W/"2-vyGp6PvFo4RvsFtPoIWeCReyIC8"', 'Via': '1.1 vegur', 'CF-Cache-Status': 'DYNAMIC', 'Server': 'cloudflare', 'CF-RAY': '85a7b04f4b117a67-GIG', 'alt-svc': 'h3=":443"; ma=86400'} 
 body={} 
 </msg>
<msg timestamp="20240224 09:25:00.245" level="INFO">${RESPOSTA_DEL} = &lt;Response [200]&gt;</msg>
<status status="PASS" starttime="20240224 09:25:00.099" endtime="20240224 09:25:00.245"/>
</kw>
<kw name="Set Test Variable" library="BuiltIn">
<arg>${RESPOSTA_DEL}</arg>
<doc>Makes a variable available everywhere within the scope of the current test.</doc>
<msg timestamp="20240224 09:25:00.245" level="INFO">${RESPOSTA_DEL} = &lt;Response [200]&gt;</msg>
<status status="PASS" starttime="20240224 09:25:00.245" endtime="20240224 09:25:00.245"/>
</kw>
<status status="PASS" starttime="20240224 09:25:00.005" endtime="20240224 09:25:00.245"/>
</kw>
<kw name="Given que a solicitação DELETE seja feita" library="users">
<kw name="Deletar um usuário" library="users">
<kw name="GET On Session" library="RequestsLibrary">
<var>${RESPOSTA_GET}</var>
<arg>pb</arg>
<arg>${BASE_URL}</arg>
<doc>Sends a GET request on a previously created HTTP Session.</doc>
<msg timestamp="20240224 09:25:00.279" level="INFO">GET Request : url=https://jsonplaceholder.typicode.com/users/ 
 path_url=/users/ 
 headers={'User-Agent': 'python-requests/2.31.0', 'Accept-Encoding': 'gzip, deflate, br', 'Accept': '*/*', 'Connection': 'keep-alive'} 
 body=None 
 </msg>
<msg timestamp="20240224 09:25:00.279" level="INFO">GET Response : url=https://jsonplaceholder.typicode.com/users/ 
 status=200, reason=OK 
 headers={'Date': 'Sat, 24 Feb 2024 12:25:00 GMT', 'Content-Type': 'application/json; charset=utf-8', 'Transfer-Encoding': 'chunked', 'Connection': 'keep-alive', 'Report-To': '{"group":"heroku-nel","max_age":3600,"endpoints":[{"url":"https://nel.heroku.com/reports?ts=1707950759&amp;sid=e11707d5-02a7-43ef-b45e-2cf4d2036f7d&amp;s=%2BsbPY08W5zwn6ARGgANaESEksjK98%2F%2BU0wOCFN7wEx0%3D"}]}', 'Reporting-Endpoints': 'heroku-nel=https://nel.heroku.com/reports?ts=1707950759&amp;sid=e11707d5-02a7-43ef-b45e-2cf4d2036f7d&amp;s=%2BsbPY08W5zwn6ARGgANaESEksjK98%2F%2BU0wOCFN7wEx0%3D', 'Nel': '{"report_to":"heroku-nel","max_age":3600,"success_fraction":0.005,"failure_fraction":0.05,"response_headers":["Via"]}', 'X-Powered-By': 'Express', 'X-Ratelimit-Limit': '1000', 'X-Ratelimit-Remaining': '999', 'X-Ratelimit-Reset': '1707950797', 'Vary': 'Origin, Accept-Encoding', 'Access-Control-Allow-Credentials': 'true', 'Cache-Control': 'max-age=43200', 'Pragma': 'no-cache', 'Expires': '-1', 'X-Content-Type-Options': 'nosniff', 'Etag': 'W/"160d-1eMSsxeJRfnVLRBmYJSbCiJZ1qQ"', 'Via': '1.1 vegur', 'CF-Cache-Status': 'HIT', 'Age': '4117', 'Server': 'cloudflare', 'CF-RAY': '85a7b0503ba67a67-GIG', 'Content-Encoding': 'br', 'alt-svc': 'h3=":443"; ma=86400'} 
 body=[
  {
    "id": 1,
    "name": "Leanne Graham",
    "username": "Bret",
    "email": "Sincere@april.biz",
    "address": {
      "street": "Kulas Light",
      "suite": "Apt. 556",
      "city": "Gwenborough",
      "zipcode": "92998-3874",
      "geo": {
        "lat": "-37.3159",
        "lng": "81.1496"
      }
    },
    "phone": "1-770-736-8031 x56442",
    "website": "hildegard.org",
    "company": {
      "name": "Romaguera-Crona",
      "catchPhrase": "Multi-layered client-server neural-net",
      "bs": "harness real-time e-markets"
    }
  },
  {
    "id": 2,
    "name": "Ervin Howell",
    "username": "Antonette",
    "email": "Shanna@melissa.tv",
    "address": {
      "street": "Victor Plains",
      "suite": "Suite 879",
      "city": "Wisokyburgh",
      "zipcode": "90566-7771",
      "geo": {
        "lat": "-43.9509",
        "lng": "-34.4618"
      }
    },
    "phone": "010-692-6593 x09125",
    "website": "anastasia.net",
    "company": {
      "name": "Deckow-Crist",
      "catchPhrase": "Proactive didactic contingency",
      "bs": "synergize scalable supply-chains"
    }
  },
  {
    "id": 3,
    "name": "Clementine Bauch",
    "username": "Samantha",
    "email": "Nathan@yesenia.net",
    "address": {
      "street": "Douglas Extension",
      "suite": "Suite 847",
      "city": "McKenziehaven",
      "zipcode": "59590-4157",
      "geo": {
        "lat": "-68.6102",
        "lng": "-47.0653"
      }
    },
    "phone": "1-463-123-4447",
    "website": "ramiro.info",
    "company": {
      "name": "Romaguera-Jacobson",
      "catchPhrase": "Face to face bifurcated interface",
      "bs": "e-enable strategic applications"
    }
  },
  {
    "id": 4,
    "name": "Patricia Lebsack",
    "username": "Karianne",
    "email": "Julianne.OConner@kory.org",
    "address": {
      "street": "Hoeger Mall",
      "suite": "Apt. 692",
      "city": "South Elvis",
      "zipcode": "53919-4257",
      "geo": {
        "lat": "29.4572",
        "lng": "-164.2990"
      }
    },
    "phone": "493-170-9623 x156",
    "website": "kale.biz",
    "company": {
      "name": "Robel-Corkery",
      "catchPhrase": "Multi-tiered zero tolerance productivity",
      "bs": "transition cutting-edge web services"
    }
  },
  {
    "id": 5,
    "name": "Chelsey Dietrich",
    "username": "Kamren",
    "email": "Lucio_Hettinger@annie.ca",
    "address": {
      "street": "Skiles Walks",
      "suite": "Suite 351",
      "city": "Roscoeview",
      "zipcode": "33263",
      "geo": {
        "lat": "-31.8129",
        "lng": "62.5342"
      }
    },
    "phone": "(254)954-1289",
    "website": "demarco.info",
    "company": {
      "name": "Keebler LLC",
      "catchPhrase": "User-centric fault-tolerant solution",
      "bs": "revolutionize end-to-end systems"
    }
  },
  {
    "id": 6,
    "name": "Mrs. Dennis Schulist",
    "username": "Leopoldo_Corkery",
    "email": "Karley_Dach@jasper.info",
    "address": {
      "street": "Norberto Crossing",
      "suite": "Apt. 950",
      "city": "South Christy",
      "zipcode": "23505-1337",
      "geo": {
        "lat": "-71.4197",
        "lng": "71.7478"
      }
    },
    "phone": "1-477-935-8478 x6430",
    "website": "ola.org",
    "company": {
      "name": "Considine-Lockman",
      "catchPhrase": "Synchronised bottom-line interface",
      "bs": "e-enable innovative applications"
    }
  },
  {
    "id": 7,
    "name": "Kurtis Weissnat",
    "username": "Elwyn.Skiles",
    "email": "Telly.Hoeger@billy.biz",
    "address": {
      "street": "Rex Trail",
      "suite": "Suite 280",
      "city": "Howemouth",
      "zipcode": "58804-1099",
      "geo": {
        "lat": "24.8918",
        "lng": "21.8984"
      }
    },
    "phone": "210.067.6132",
    "website": "elvis.io",
    "company": {
      "name": "Johns Group",
      "catchPhrase": "Configurable multimedia task-force",
      "bs": "generate enterprise e-tailers"
    }
  },
  {
    "id": 8,
    "name": "Nicholas Runolfsdottir V",
    "username": "Maxime_Nienow",
    "email": "Sherwood@rosamond.me",
    "address": {
      "street": "Ellsworth Summit",
      "suite": "Suite 729",
      "city": "Aliyaview",
      "zipcode": "45169",
      "geo": {
        "lat": "-14.3990",
        "lng": "-120.7677"
      }
    },
    "phone": "586.493.6943 x140",
    "website": "jacynthe.com",
    "company": {
      "name": "Abernathy Group",
      "catchPhrase": "Implemented secondary concept",
      "bs": "e-enable extensible e-tailers"
    }
  },
  {
    "id": 9,
    "name": "Glenna Reichert",
    "username": "Delphine",
    "email": "Chaim_McDermott@dana.io",
    "address": {
      "street": "Dayna Park",
      "suite": "Suite 449",
      "city": "Bartholomebury",
      "zipcode": "76495-3109",
      "geo": {
        "lat": "24.6463",
        "lng": "-168.8889"
      }
    },
    "phone": "(775)976-6794 x41206",
    "website": "conrad.com",
    "company": {
      "name": "Yost and Sons",
      "catchPhrase": "Switchable contextually-based project",
      "bs": "aggregate real-time technologies"
    }
  },
  {
    "id": 10,
    "name": "Clementina DuBuque",
    "username": "Moriah.Stanton",
    "email": "Rey.Padberg@karina.biz",
    "address": {
      "street": "Kattie Turnpike",
      "suite": "Suite 198",
      "city": "Lebsackbury",
      "zipcode": "31428-2261",
      "geo": {
        "lat": "-38.2386",
        "lng": "57.2232"
      }
    },
    "phone": "024-648-3804",
    "website": "ambrose.net",
    "company": {
      "name": "Hoeger LLC",
      "catchPhrase": "Centralized empowering task-force",
      "bs": "target end-to-end models"
    }
  }
] 
 </msg>
<msg timestamp="20240224 09:25:00.279" level="INFO">${RESPOSTA_GET} = &lt;Response [200]&gt;</msg>
<status status="PASS" starttime="20240224 09:25:00.245" endtime="20240224 09:25:00.279"/>
</kw>
<kw name="DELETE On Session" library="RequestsLibrary">
<var>${RESPOSTA_DEL}</var>
<arg>pb</arg>
<arg>${BASE_URL}${4}</arg>
<doc>Sends a DELETE request on a previously created HTTP Session.</doc>
<msg timestamp="20240224 09:25:00.423" level="INFO">DELETE Request : url=https://jsonplaceholder.typicode.com/users/4 
 path_url=/users/4 
 headers={'User-Agent': 'python-requests/2.31.0', 'Accept-Encoding': 'gzip, deflate, br', 'Accept': '*/*', 'Connection': 'keep-alive', 'Content-Length': '0'} 
 body=None 
 </msg>
<msg timestamp="20240224 09:25:00.423" level="INFO">DELETE Response : url=https://jsonplaceholder.typicode.com/users/4 
 status=200, reason=OK 
 headers={'Date': 'Sat, 24 Feb 2024 12:25:00 GMT', 'Content-Type': 'application/json; charset=utf-8', 'Content-Length': '2', 'Connection': 'keep-alive', 'Report-To': '{"group":"heroku-nel","max_age":3600,"endpoints":[{"url":"https://nel.heroku.com/reports?ts=1708777500&amp;sid=e11707d5-02a7-43ef-b45e-2cf4d2036f7d&amp;s=eQmaArGTBJWQb%2BEkMe8o3SwIXOt04HVKtzFuUDXrNZ8%3D"}]}', 'Reporting-Endpoints': 'heroku-nel=https://nel.heroku.com/reports?ts=1708777500&amp;sid=e11707d5-02a7-43ef-b45e-2cf4d2036f7d&amp;s=eQmaArGTBJWQb%2BEkMe8o3SwIXOt04HVKtzFuUDXrNZ8%3D', 'Nel': '{"report_to":"heroku-nel","max_age":3600,"success_fraction":0.005,"failure_fraction":0.05,"response_headers":["Via"]}', 'X-Powered-By': 'Express', 'X-Ratelimit-Limit': '1000', 'X-Ratelimit-Remaining': '988', 'X-Ratelimit-Reset': '1708777532', 'Vary': 'Origin, Accept-Encoding', 'Access-Control-Allow-Credentials': 'true', 'Cache-Control': 'no-cache', 'Pragma': 'no-cache', 'Expires': '-1', 'X-Content-Type-Options': 'nosniff', 'Etag': 'W/"2-vyGp6PvFo4RvsFtPoIWeCReyIC8"', 'Via': '1.1 vegur', 'CF-Cache-Status': 'DYNAMIC', 'Server': 'cloudflare', 'CF-RAY': '85a7b0506bcd7a67-GIG', 'alt-svc': 'h3=":443"; ma=86400'} 
 body={} 
 </msg>
<msg timestamp="20240224 09:25:00.423" level="INFO">${RESPOSTA_DEL} = &lt;Response [200]&gt;</msg>
<status status="PASS" starttime="20240224 09:25:00.279" endtime="20240224 09:25:00.423"/>
</kw>
<kw name="Set Test Variable" library="BuiltIn">
<arg>${RESPOSTA_DEL}</arg>
<doc>Makes a variable available everywhere within the scope of the current test.</doc>
<msg timestamp="20240224 09:25:00.426" level="INFO">${RESPOSTA_DEL} = &lt;Response [200]&gt;</msg>
[...]
      "suite": "Apt. 556",
      "city": "Gwenborough",
      "zipcode": "92998-3874",
      "geo": {
        "lat": "-37.3159",
        "lng": "81.1496"
      }
    },
    "phone": "1-770-736-8031 x56442",
    "website": "hildegard.org",
    "company": {
      "name": "Romaguera-Crona",
      "catchPhrase": "Multi-layered client-server neural-net",
      "bs": "harness real-time e-markets"
    }
  },
  {
    "id": 2,
    "name": "Ervin Howell",
    "username": "Antonette",
    "email": "Shanna@melissa.tv",
    "address": {
      "street": "Victor Plains",
      "suite": "Suite 879",
      "city": "Wisokyburgh",
      "zipcode": "90566-7771",
      "geo": {
        "lat": "-43.9509",
        "lng": "-34.4618"
      }
    },
    "phone": "010-692-6593 x09125",
    "website": "anastasia.net",
    "company": {
      "name": "Deckow-Crist",
      "catchPhrase": "Proactive didactic contingency",
      "bs": "synergize scalable supply-chains"
    }
  },
  {
    "id": 3,
    "name": "Clementine Bauch",
    "username": "Samantha",
    "email": "Nathan@yesenia.net",
    "address": {
      "street": "Douglas Extension",
      "suite": "Suite 847",
      "city": "McKenziehaven",
      "zipcode": "59590-4157",
      "geo": {
        "lat": "-68.6102",
        "lng": "-47.0653"
      }
    },
    "phone": "1-463-123-4447",
    "website": "ramiro.info",
    "company": {
      "name": "Romaguera-Jacobson",
      "catchPhrase": "Face to face bifurcated interface",
      "bs": "e-enable strategic applications"
    }
  },
  {
    "id": 4,
    "name": "Patricia Lebsack",
    "username": "Karianne",
    "email": "Julianne.OConner@kory.org",
    "address": {
      "street": "Hoeger Mall",
      "suite": "Apt. 692",
      "city": "South Elvis",
      "zipcode": "53919-4257",
      "geo": {
        "lat": "29.4572",
        "lng": "-164.2990"
      }
    },
    "phone": "493-170-9623 x156",
    "website": "kale.biz",
    "company": {
      "name": "Robel-Corkery",
      "catchPhrase": "Multi-tiered zero tolerance productivity",
      "bs": "transition cutting-edge web services"
    }
  },
  {
    "id": 5,
    "name": "Chelsey Dietrich",
    "username": "Kamren",
    "email": "Lucio_Hettinger@annie.ca",
    "address": {
      "street": "Skiles Walks",
      "suite": "Suite 351",
      "city": "Roscoeview",
      "zipcode": "33263",
      "geo": {
        "lat": "-31.8129",
        "lng": "62.5342"
      }
    },
    "phone": "(254)954-1289",
    "website": "demarco.info",
    "company": {
      "name": "Keebler LLC",
      "catchPhrase": "User-centric fault-tolerant solution",
      "bs": "revolutionize end-to-end systems"
    }
  },
  {
    "id": 6,
    "name": "Mrs. Dennis Schulist",
    "username": "Leopoldo_Corkery",
    "email": "Karley_Dach@jasper.info",
    "address": {
      "street": "Norberto Crossing",
      "suite": "Apt. 950",
      "city": "South Christy",
      "zipcode": "23505-1337",
      "geo": {
        "lat": "-71.4197",
        "lng": "71.7478"
      }
    },
    "phone": "1-477-935-8478 x6430",
    "website": "ola.org",
    "company": {
      "name": "Considine-Lockman",
      "catchPhrase": "Synchronised bottom-line interface",
      "bs": "e-enable innovative applications"
    }
  },
  {
    "id": 7,
    "name": "Kurtis Weissnat",
    "username": "Elwyn.Skiles",
    "email": "Telly.Hoeger@billy.biz",
    "address": {
      "street": "Rex Trail",
      "suite": "Suite 280",
      "city": "Howemouth",
      "zipcode": "58804-1099",
      "geo": {
        "lat": "24.8918",
        "lng": "21.8984"
      }
    },
    "phone": "210.067.6132",
    "website": "elvis.io",
    "company": {
      "name": "Johns Group",
      "catchPhrase": "Configurable multimedia task-force",
      "bs": "generate enterprise e-tailers"
    }
  },
  {
    "id": 8,
    "name": "Nicholas Runolfsdottir V",
    "username": "Maxime_Nienow",
    "email": "Sherwood@rosamond.me",
    "address": {
      "street": "Ellsworth Summit",
      "suite": "Suite 729",
      "city": "Aliyaview",
      "zipcode": "45169",
      "geo": {
        "lat": "-14.3990",
        "lng": "-120.7677"
      }
    },
    "phone": "586.493.6943 x140",
    "website": "jacynthe.com",
    "company": {
      "name": "Abernathy Group",
      "catchPhrase": "Implemented secondary concept",
      "bs": "e-enable extensible e-tailers"
    }
  },
  {
    "id": 9,
    "name": "Glenna Reichert",
    "username": "Delphine",
    "email": "Chaim_McDermott@dana.io",
    "address": {
      "street": "Dayna Park",
      "suite": "Suite 449",
      "city": "Bartholomebury",
      "zipcode": "76495-3109",
      "geo": {
        "lat": "24.6463",
        "lng": "-168.8889"
      }
    },
    "phone": "(775)976-6794 x41206",
    "website": "conrad.com",
    "company": {
      "name": "Yost and Sons",
      "catchPhrase": "Switchable contextually-based project",
      "bs": "aggregate real-time technologies"
    }
  },
  {
    "id": 10,
    "name": "Clementina DuBuque",
    "username": "Moriah.Stanton",
    "email": "Rey.Padberg@karina.biz",
    "address": {
      "street": "Kattie Turnpike",
      "suite": "Suite 198",
      "city": "Lebsackbury",
      "zipcode": "31428-2261",
      "geo": {
        "lat": "-38.2386",
        "lng": "57.2232"
      }
    },
    "phone": "024-648-3804",
    "website": "ambrose.net",
    "company": {
      "name": "Hoeger LLC",
      "catchPhrase": "Centralized empowering task-force",
      "bs": "target end-to-end models"
    }
  }
] 
 </msg>
<msg timestamp="20240224 09:25:00.464" level="INFO">${RESPOSTA_GET} = &lt;Response [200]&gt;</msg>
<status status="PASS" starttime="20240224 09:25:00.426" endtime="20240224 09:25:00.464"/>
</kw>
<kw name="DELETE On Session" library="RequestsLibrary">
<var>${RESPOSTA_DEL}</var>
<arg>pb</arg>
<arg>${BASE_URL}${4}</arg>
<doc>Sends a DELETE request on a previously created HTTP Session.</doc>
<msg timestamp="20240224 09:25:00.610" level="INFO">DELETE Request : url=https://jsonplaceholder.typicode.com/users/4 
 path_url=/users/4 
 headers={'User-Agent': 'python-requests/2.31.0', 'Accept-Encoding': 'gzip, deflate, br', 'Accept': '*/*', 'Connection': 'keep-alive', 'Content-Length': '0'} 
 body=None 
 </msg>
<msg timestamp="20240224 09:25:00.610" level="INFO">DELETE Response : url=https://jsonplaceholder.typicode.com/users/4 
 status=200, reason=OK 
 headers={'Date': 'Sat, 24 Feb 2024 12:25:00 GMT', 'Content-Type': 'application/json; charset=utf-8', 'Content-Length': '2', 'Connection': 'keep-alive', 'Report-To': '{"group":"heroku-nel","max_age":3600,"endpoints":[{"url":"https://nel.heroku.com/reports?ts=1708777500&amp;sid=e11707d5-02a7-43ef-b45e-2cf4d2036f7d&amp;s=eQmaArGTBJWQb%2BEkMe8o3SwIXOt04HVKtzFuUDXrNZ8%3D"}]}', 'Reporting-Endpoints': 'heroku-nel=https://nel.heroku.com/reports?ts=1708777500&amp;sid=e11707d5-02a7-43ef-b45e-2cf4d2036f7d&amp;s=eQmaArGTBJWQb%2BEkMe8o3SwIXOt04HVKtzFuUDXrNZ8%3D', 'Nel': '{"report_to":"heroku-nel","max_age":3600,"success_fraction":0.005,"failure_fraction":0.05,"response_headers":["Via"]}', 'X-Powered-By': 'Express', 'X-Ratelimit-Limit': '1000', 'X-Ratelimit-Remaining': '987', 'X-Ratelimit-Reset': '1708777532', 'Vary': 'Origin, Accept-Encoding', 'Access-Control-Allow-Credentials': 'true', 'Cache-Control': 'no-cache', 'Pragma': 'no-cache', 'Expires': '-1', 'X-Content-Type-Options': 'nosniff', 'Etag': 'W/"2-vyGp6PvFo4RvsFtPoIWeCReyIC8"', 'Via': '1.1 vegur', 'CF-Cache-Status': 'DYNAMIC', 'Server': 'cloudflare', 'CF-RAY': '85a7b0519c767a67-GIG', 'alt-svc': 'h3=":443"; ma=86400'} 
 body={} 
 </msg>
<msg timestamp="20240224 09:25:00.610" level="INFO">${RESPOSTA_DEL} = &lt;Response [200]&gt;</msg>
<status status="PASS" starttime="20240224 09:25:00.464" endtime="20240224 09:25:00.610"/>
</kw>
<kw name="Set Test Variable" library="BuiltIn">
<arg>${RESPOSTA_DEL}</arg>
<doc>Makes a variable available everywhere within the scope of the current test.</doc>
<msg timestamp="20240224 09:25:00.610" level="INFO">${RESPOSTA_DEL} = &lt;Response [200]&gt;</msg>
<status status="PASS" starttime="20240224 09:25:00.610" endtime="20240224 09:25:00.610"/>
</kw>
<kw name="Status Should Be" library="RequestsLibrary">
<arg>200</arg>
<doc>Fails if response status code is different than the expected.</doc>
<status status="PASS" starttime="20240224 09:25:00.610" endtime="20240224 09:25:00.610"/>
</kw>
<status status="PASS" starttime="20240224 09:25:00.426" endtime="20240224 09:25:00.610"/>
</kw>
<status status="PASS" starttime="20240224 09:25:00.426" endtime="20240224 09:25:00.610"/>
</kw>
<kw name="Then o response deverá conter apenas chaves" library="users">
<kw name="Validar que msg do response seja chaves" library="users">
<kw name="GET On Session" library="RequestsLibrary">
<var>${RESPOSTA_GET}</var>
<arg>pb</arg>
<arg>${BASE_URL}</arg>
<doc>Sends a GET request on a previously created HTTP Session.</doc>
<msg timestamp="20240224 09:25:00.663" level="INFO">GET Request : url=https://jsonplaceholder.typicode.com/users/ 
 path_url=/users/ 
 headers={'User-Agent': 'python-requests/2.31.0', 'Accept-Encoding': 'gzip, deflate, br', 'Accept': '*/*', 'Connection': 'keep-alive'} 
 body=None 
 </msg>
<msg timestamp="20240224 09:25:00.664" level="INFO">GET Response : url=https://jsonplaceholder.typicode.com/users/ 
 status=200, reason=OK 
 headers={'Date': 'Sat, 24 Feb 2024 12:25:00 GMT', 'Content-Type': 'application/json; charset=utf-8', 'Transfer-Encoding': 'chunked', 'Connection': 'keep-alive', 'Report-To': '{"group":"heroku-nel","max_age":3600,"endpoints":[{"url":"https://nel.heroku.com/reports?ts=1707950759&amp;sid=e11707d5-02a7-43ef-b45e-2cf4d2036f7d&amp;s=%2BsbPY08W5zwn6ARGgANaESEksjK98%2F%2BU0wOCFN7wEx0%3D"}]}', 'Reporting-Endpoints': 'heroku-nel=https://nel.heroku.com/reports?ts=1707950759&amp;sid=e11707d5-02a7-43ef-b45e-2cf4d2036f7d&amp;s=%2BsbPY08W5zwn6ARGgANaESEksjK98%2F%2BU0wOCFN7wEx0%3D', 'Nel': '{"report_to":"heroku-nel","max_age":3600,"success_fraction":0.005,"failure_fraction":0.05,"response_headers":["Via"]}', 'X-Powered-By': 'Express', 'X-Ratelimit-Limit': '1000', 'X-Ratelimit-Remaining': '999', 'X-Ratelimit-Reset': '1707950797', 'Vary': 'Origin, Accept-Encoding', 'Access-Control-Allow-Credentials': 'true', 'Cache-Control': 'max-age=43200', 'Pragma': 'no-cache', 'Expires': '-1', 'X-Content-Type-Options': 'nosniff', 'Etag': 'W/"160d-1eMSsxeJRfnVLRBmYJSbCiJZ1qQ"', 'Via': '1.1 vegur', 'CF-Cache-Status': 'HIT', 'Age': '4117', 'Server': 'cloudflare', 'CF-RAY': '85a7b0529d077a67-GIG', 'Content-Encoding': 'br', 'alt-svc': 'h3=":443"; ma=86400'} 
 body=[
  {
    "id": 1,
    "name": "Leanne Graham",
    "username": "Bret",
    "email": "Sincere@april.biz",
    "address": {
      "street": "Kulas Light",
      "suite": "Apt. 556",
      "city": "Gwenborough",
      "zipcode": "92998-3874",
      "geo": {
        "lat": "-37.3159",
        "lng": "81.1496"
      }
    },
    "phone": "1-770-736-8031 x56442",
    "website": "hildegard.org",
    "company": {
      "name": "Romaguera-Crona",
      "catchPhrase": "Multi-layered client-server neural-net",
      "bs": "harness real-time e-markets"
    }
  },
  {
    "id": 2,
    "name": "Ervin Howell",
    "username": "Antonette",
    "email": "Shanna@melissa.tv",
    "address": {
      "street": "Victor Plains",
      "suite": "Suite 879",
      "city": "Wisokyburgh",
      "zipcode": "90566-7771",
      "geo": {
        "lat": "-43.9509",
        "lng": "-34.4618"
      }
    },
    "phone": "010-692-6593 x09125",
    "website": "anastasia.net",
    "company": {
      "name": "Deckow-Crist",
      "catchPhrase": "Proactive didactic contingency",
      "bs": "synergize scalable supply-chains"
    }
  },
  {
    "id": 3,
    "name": "Clementine Bauch",
    "username": "Samantha",
    "email": "Nathan@yesenia.net",
    "address": {
      "street": "Douglas Extension",
      "suite": "Suite 847",
      "city": "McKenziehaven",
      "zipcode": "59590-4157",
      "geo": {
        "lat": "-68.6102",
        "lng": "-47.0653"
      }
    },
    "phone": "1-463-123-4447",
    "website": "ramiro.info",
    "company": {
      "name": "Romaguera-Jacobson",
      "catchPhrase": "Face to face bifurcated interface",
      "bs": "e-enable strategic applications"
    }
  },
  {
    "id": 4,
    "name": "Patricia Lebsack",
    "username": "Karianne",
    "email": "Julianne.OConner@kory.org",
    "address": {
      "street": "Hoeger Mall",
      "suite": "Apt. 692",
      "city": "South Elvis",
      "zipcode": "53919-4257",
      "geo": {
        "lat": "29.4572",
        "lng": "-164.2990"
      }
    },
    "phone": "493-170-9623 x156",
    "website": "kale.biz",
    "company": {
      "name": "Robel-Corkery",
      "catchPhrase": "Multi-tiered zero tolerance productivity",
      "bs": "transition cutting-edge web services"
    }
  },
  {
    "id": 5,
    "name": "Chelsey Dietrich",
    "username": "Kamren",
    "email": "Lucio_Hettinger@annie.ca",
    "address": {
      "street": "Skiles Walks",
      "suite": "Suite 351",
      "city": "Roscoeview",
      "zipcode": "33263",
      "geo": {
        "lat": "-31.8129",
        "lng": "62.5342"
      }
    },
    "phone": "(254)954-1289",
    "website": "demarco.info",
    "company": {
      "name": "Keebler LLC",
      "catchPhrase": "User-centric fault-tolerant solution",
      "bs": "revolutionize end-to-end systems"
    }
  },
  {
    "id": 6,
    "name": "Mrs. Dennis Schulist",
    "username": "Leopoldo_Corkery",
    "email": "Karley_Dach@jasper.info",
    "address": {
      "street": "Norberto Crossing",
      "suite": "Apt. 950",
      "city": "South Christy",
      "zipcode": "23505-1337",
      "geo": {
        "lat": "-71.4197",
        "lng": "71.7478"
      }
    },
    "phone": "1-477-935-8478 x6430",
    "website": "ola.org",
    "company": {
      "name": "Considine-Lockman",
      "catchPhrase": "Synchronised bottom-line interface",
      "bs": "e-enable innovative applications"
    }
  },
  {
    "id": 7,
    "name": "Kurtis Weissnat",
    "username": "Elwyn.Skiles",
    "email": "Telly.Hoeger@billy.biz",
    "address": {
      "street": "Rex Trail",
      "suite": "Suite 280",
      "city": "Howemouth",
      "zipcode": "58804-1099",
      "geo": {
        "lat": "24.8918",
        "lng": "21.8984"
      }
    },
    "phone": "210.067.6132",
    "website": "elvis.io",
    "company": {
      "name": "Johns Group",
      "catchPhrase": "Configurable multimedia task-force",
      "bs": "generate enterprise e-tailers"
    }
  },
  {
    "id": 8,
    "name": "Nicholas Runolfsdottir V",
    "username": "Maxime_Nienow",
    "email": "Sherwood@rosamond.me",
    "address": {
      "street": "Ellsworth Summit",
      "suite": "Suite 729",
      "city": "Aliyaview",
      "zipcode": "45169",
      "geo": {
        "lat": "-14.3990",
        "lng": "-120.7677"
      }
    },
    "phone": "586.493.6943 x140",
    "website": "jacynthe.com",
    "company": {
      "name": "Abernathy Group",
      "catchPhrase": "Implemented secondary concept",
      "bs": "e-enable extensible e-tailers"
    }
  },
  {
    "id": 9,
    "name": "Glenna Reichert",
    "username": "Delphine",
    "email": "Chaim_McDermott@dana.io",
    "address": {
      "street": "Dayna Park",
      "suite": "Suite 449",
      "city": "Bartholomebury",
      "zipcode": "76495-3109",
      "geo": {
        "lat": "24.6463",
        "lng": "-168.8889"
      }
    },
    "phone": "(775)976-6794 x41206",
    "website": "conrad.com",
    "company": {
      "name": "Yost and Sons",
      "catchPhrase": "Switchable contextually-based project",
      "bs": "aggregate real-time technologies"
    }
  },
  {
    "id": 10,
    "name": "Clementina DuBuque",
    "username": "Moriah.Stanton",
    "email": "Rey.Padberg@karina.biz",
    "address": {
      "street": "Kattie Turnpike",
      "suite": "Suite 198",
      "city": "Lebsackbury",
      "zipcode": "31428-2261",
      "geo": {
        "lat": "-38.2386",
        "lng": "57.2232"
      }
    },
    "phone": "024-648-3804",
    "website": "ambrose.net",
    "company": {
      "name": "Hoeger LLC",
      "catchPhrase": "Centralized empowering task-force",
      "bs": "target end-to-end models"
    }
  }
] 
 </msg>
<msg timestamp="20240224 09:25:00.664" level="INFO">${RESPOSTA_GET} = &lt;Response [200]&gt;</msg>
<status status="PASS" starttime="20240224 09:25:00.614" endtime="20240224 09:25:00.664"/>
</kw>
<kw name="DELETE On Session" library="RequestsLibrary">
<var>${RESPOSTA_DEL}</var>
<arg>pb</arg>
<arg>${BASE_URL}${4}</arg>
<doc>Sends a DELETE request on a previously created HTTP Session.</doc>
<msg timestamp="20240224 09:25:00.808" level="INFO">DELETE Request : url=https://jsonplaceholder.typicode.com/users/4 
 path_url=/users/4 
 headers={'User-Agent': 'python-requests/2.31.0', 'Accept-Encoding': 'gzip, deflate, br', 'Accept': '*/*', 'Connection': 'keep-alive', 'Content-Length': '0'} 
 body=None 
 </msg>
<msg timestamp="20240224 09:25:00.809" level="INFO">DELETE Response : url=https://jsonplaceholder.typicode.com/users/4 
 status=200, reason=OK 
 headers={'Date': 'Sat, 24 Feb 2024 12:25:00 GMT', 'Content-Type': 'application/json; charset=utf-8', 'Content-Length': '2', 'Connection': 'keep-alive', 'Report-To': '{"group":"heroku-nel","max_age":3600,"endpoints":[{"url":"https://nel.heroku.com/reports?ts=1708777500&amp;sid=e11707d5-02a7-43ef-b45e-2cf4d2036f7d&amp;s=eQmaArGTBJWQb%2BEkMe8o3SwIXOt04HVKtzFuUDXrNZ8%3D"}]}', 'Reporting-Endpoints': 'heroku-nel=https://nel.heroku.com/reports?ts=1708777500&amp;sid=e11707d5-02a7-43ef-b45e-2cf4d2036f7d&amp;s=eQmaArGTBJWQb%2BEkMe8o3SwIXOt04HVKtzFuUDXrNZ8%3D', 'Nel': '{"report_to":"heroku-nel","max_age":3600,"success_fraction":0.005,"failure_fraction":0.05,"response_headers":["Via"]}', 'X-Powered-By': 'Express', 'X-Ratelimit-Limit': '1000', 'X-Ratelimit-Remaining': '986', 'X-Ratelimit-Reset': '1708777532', 'Vary': 'Origin, Accept-Encoding', 'Access-Control-Allow-Credentials': 'true', 'Cache-Control': 'no-cache', 'Pragma': 'no-cache', 'Expires': '-1', 'X-Content-Type-Options': 'nosniff', 'Etag': 'W/"2-vyGp6PvFo4RvsFtPoIWeCReyIC8"', 'Via': '1.1 vegur', 'CF-Cache-Status': 'DYNAMIC', 'Server': 'cloudflare', 'CF-RAY': '85a7b052dd227a67-GIG', 'alt-svc': 'h3=":443"; ma=86400'} 
 body={} 
 </msg>
<msg timestamp="20240224 09:25:00.809" level="INFO">${RESPOSTA_DEL} = &lt;Response [200]&gt;</msg>
<status status="PASS" starttime="20240224 09:25:00.664" endtime="20240224 09:25:00.809"/>
</kw>
<kw name="Set Test Variable" library="BuiltIn">
<arg>${RESPOSTA_DEL}</arg>
<doc>Makes a variable available everywhere within the scope of the current test.</doc>
<msg timestamp="20240224 09:25:00.810" level="INFO">${RESPOSTA_DEL} = &lt;Response [200]&gt;</msg>
<status status="PASS" starttime="20240224 09:25:00.809" endtime="20240224 09:25:00.810"/>
</kw>
<kw name="Status Should Be" library="RequestsLibrary">
<arg>200</arg>
<doc>Fails if response status code is different than the expected.</doc>
<status status="PASS" starttime="20240224 09:25:00.810" endtime="20240224 09:25:00.810"/>
</kw>
<status status="PASS" starttime="20240224 09:25:00.614" endtime="20240224 09:25:00.810"/>
</kw>
<status status="PASS" starttime="20240224 09:25:00.614" endtime="20240224 09:25:00.810"/>
</kw>
<status status="PASS" starttime="20240224 09:25:00.003" endtime="20240224 09:25:00.810"/>
</test>
<status status="PASS" starttime="20240224 09:24:57.453" endtime="20240224 09:25:00.810"/>
</suite>
<statistics>
<total>
<stat pass="4" fail="0" skip="0">All Tests</stat>
</total>
<tag>
</tag>
<suite>
<stat pass="4" fail="0" skip="0" id="s1" name="Validation Https">Validation Https</stat>
</suite>
</statistics>
<errors>
<msg timestamp="20240224 09:24:57.861" level="ERROR">Error in file 'C:\Users\kelvi\OneDrive\Área de Trabalho\casePB\apiTesting\tests\validation_https.robot' on line 3: Invalid resource file extension '.py'. Supported extensions are '.json', '.resource', '.rest', '.robot', '.rsrc', '.rst', '.tsv' and '.txt'.</msg>
</errors>
</robot>
