<?xml version="1.0" encoding="UTF-8"?>
<robot generator="Robot 6.1.1 (Python 3.11.4 on win32)" generated="20240224 09:26:52.971" rpa="false" schemaversion="4">
<suite id="s1" name="Test Horuku" source="C:\Users\kelvi\OneDrive\Área de Trabalho\casePB\webTesting\tests\test_horuku.robot">
<test id="s1-t1" name="CT01 - Acessar o site herokuapp e clicar nos 3 elementos" line="10">
<kw name="Start Test" library="hooks.pages.commons" type="SETUP">
<kw name="Open Browser" library="SeleniumLibrary">
<arg>${URL_HOST}</arg>
<arg>${BROWSER}</arg>
<doc>Opens a new browser instance to the optional ``url``.</doc>
<msg timestamp="20240224 09:26:53.232" level="INFO">Opening browser 'chrome' to base url 'https://the-internet.herokuapp.com/challenging_dom'.</msg>
<status status="PASS" starttime="20240224 09:26:53.232" endtime="20240224 09:26:56.482"/>
</kw>
<kw name="Maximize Browser Window" library="SeleniumLibrary">
<doc>Maximizes current browser window.</doc>
<status status="PASS" starttime="20240224 09:26:56.482" endtime="20240224 09:26:56.612"/>
</kw>
<kw name="Set Selenium Implicit Wait" library="SeleniumLibrary">
<arg>${TIME_TO_WAIT}</arg>
<doc>Sets the implicit wait value used by Selenium.</doc>
<status status="PASS" starttime="20240224 09:26:56.612" endtime="20240224 09:26:56.615"/>
</kw>
<status status="PASS" starttime="20240224 09:26:53.232" endtime="20240224 09:26:56.615"/>
</kw>
<kw name="Dado que o usuário tenha acessado o Challenging DOM" library="horuku.pages">
<kw name="Validar acesso ao site" library="horuku.pages">
<kw name="Wait Until Element Is Visible" library="SeleniumLibrary">
<arg>${VALIDATE_HOME}</arg>
<doc>Waits until the element ``locator`` is visible.</doc>
<status status="PASS" starttime="20240224 09:26:56.616" endtime="20240224 09:26:56.645"/>
</kw>
<status status="PASS" starttime="20240224 09:26:56.616" endtime="20240224 09:26:56.645"/>
</kw>
<status status="PASS" starttime="20240224 09:26:56.616" endtime="20240224 09:26:56.645"/>
</kw>
<kw name="Quando realizar a interação com elemento 1" library="horuku.pages">
<kw name="Clicar elemento 1" library="horuku.pages">
<kw name="Wait Until Element Is Visible" library="SeleniumLibrary">
<arg>${BTN_1}</arg>
<doc>Waits until the element ``locator`` is visible.</doc>
<status status="PASS" starttime="20240224 09:26:56.646" endtime="20240224 09:26:56.675"/>
</kw>
<kw name="Click Element" library="SeleniumLibrary">
<arg>${BTN_1}</arg>
<doc>Click the element identified by ``locator``.</doc>
<msg timestamp="20240224 09:26:56.675" level="INFO">Clicking element 'xpath://a[@class='button']'.</msg>
<status status="PASS" starttime="20240224 09:26:56.675" endtime="20240224 09:26:56.940"/>
</kw>
<kw name="Capture Element Screenshot" library="SeleniumLibrary">
<arg>${CANVA}</arg>
<doc>Captures a screenshot from the element identified by ``locator`` and embeds it into log file.</doc>
<msg timestamp="20240224 09:26:57.056" level="INFO" html="true">&lt;/td&gt;&lt;/tr&gt;&lt;tr&gt;&lt;td colspan="3"&gt;&lt;a href="selenium-element-screenshot-4.png"&gt;&lt;img src="selenium-element-screenshot-4.png" width="400px"&gt;&lt;/a&gt;</msg>
<status status="PASS" starttime="20240224 09:26:56.940" endtime="20240224 09:26:57.057"/>
</kw>
<status status="PASS" starttime="20240224 09:26:56.646" endtime="20240224 09:26:57.057"/>
</kw>
<status status="PASS" starttime="20240224 09:26:56.645" endtime="20240224 09:26:57.057"/>
</kw>
<kw name="E realizar interação com elemento 2" library="horuku.pages">
<kw name="Clicar elemento 2" library="horuku.pages">
<kw name="Wait Until Element Is Visible" library="SeleniumLibrary">
<arg>${BTN_2}</arg>
<doc>Waits until the element ``locator`` is visible.</doc>
<status status="PASS" starttime="20240224 09:26:57.058" endtime="20240224 09:26:57.080"/>
</kw>
<kw name="Click Element" library="SeleniumLibrary">
<arg>${BTN_2}</arg>
<doc>Click the element identified by ``locator``.</doc>
<msg timestamp="20240224 09:26:57.088" level="INFO">Clicking element 'xpath://a[contains(@class,'button alert')]'.</msg>
<status status="PASS" starttime="20240224 09:26:57.080" endtime="20240224 09:26:57.355"/>
</kw>
<kw name="Capture Element Screenshot" library="SeleniumLibrary">
<arg>${CANVA}</arg>
<doc>Captures a screenshot from the element identified by ``locator`` and embeds it into log file.</doc>
<msg timestamp="20240224 09:26:57.456" level="INFO" html="true">&lt;/td&gt;&lt;/tr&gt;&lt;tr&gt;&lt;td colspan="3"&gt;&lt;a href="selenium-element-screenshot-5.png"&gt;&lt;img src="selenium-element-screenshot-5.png" width="400px"&gt;&lt;/a&gt;</msg>
<status status="PASS" starttime="20240224 09:26:57.355" endtime="20240224 09:26:57.456"/>
</kw>
<status status="PASS" starttime="20240224 09:26:57.058" endtime="20240224 09:26:57.456"/>
</kw>
<status status="PASS" starttime="20240224 09:26:57.057" endtime="20240224 09:26:57.456"/>
</kw>
<kw name="E realizar interação com elemento 3" library="horuku.pages">
<kw name="Clicar elemento 3" library="horuku.pages">
<kw name="Wait Until Element Is Visible" library="SeleniumLibrary">
<arg>${BTN_3}</arg>
<doc>Waits until the element ``locator`` is visible.</doc>
<status status="PASS" starttime="20240224 09:26:57.457" endtime="20240224 09:26:57.478"/>
</kw>
<kw name="Click Element" library="SeleniumLibrary">
<arg>${BTN_3}</arg>
<doc>Click the element identified by ``locator``.</doc>
<msg timestamp="20240224 09:26:57.478" level="INFO">Clicking element 'xpath://a[contains(@class,'button success')]'.</msg>
<status status="PASS" starttime="20240224 09:26:57.478" endtime="20240224 09:26:57.746"/>
</kw>
<kw name="Capture Element Screenshot" library="SeleniumLibrary">
<arg>${CANVA}</arg>
<doc>Captures a screenshot from the element identified by ``locator`` and embeds it into log file.</doc>
<msg timestamp="20240224 09:26:57.877" level="INFO" html="true">&lt;/td&gt;&lt;/tr&gt;&lt;tr&gt;&lt;td colspan="3"&gt;&lt;a href="selenium-element-screenshot-6.png"&gt;&lt;img src="selenium-element-screenshot-6.png" width="400px"&gt;&lt;/a&gt;</msg>
<status status="PASS" starttime="20240224 09:26:57.747" endtime="20240224 09:26:57.877"/>
</kw>
<status status="PASS" starttime="20240224 09:26:57.457" endtime="20240224 09:26:57.877"/>
</kw>
<status status="PASS" starttime="20240224 09:26:57.456" endtime="20240224 09:26:57.877"/>
</kw>
<kw name="Então comparo os prints de cada interação" library="horuku.pages">
<kw name="Capture Page Screenshot" library="SeleniumLibrary">
<doc>Takes a screenshot of the current page and embeds it into a log file.</doc>
<msg timestamp="20240224 09:26:58.029" level="INFO" html="true">&lt;/td&gt;&lt;/tr&gt;&lt;tr&gt;&lt;td colspan="3"&gt;&lt;a href="selenium-screenshot-4.png"&gt;&lt;img src="selenium-screenshot-4.png" width="800px"&gt;&lt;/a&gt;</msg>
<status status="PASS" starttime="20240224 09:26:57.878" endtime="20240224 09:26:58.029"/>
</kw>
<status status="PASS" starttime="20240224 09:26:57.878" endtime="20240224 09:26:58.029"/>
</kw>
<kw name="Finish Test" library="hooks.pages.commons" type="TEARDOWN">
<kw name="Capture Page Screenshot" library="SeleniumLibrary">
<doc>Takes a screenshot of the current page and embeds it into a log file.</doc>
<msg timestamp="20240224 09:26:58.189" level="INFO" html="true">&lt;/td&gt;&lt;/tr&gt;&lt;tr&gt;&lt;td colspan="3"&gt;&lt;a href="selenium-screenshot-5.png"&gt;&lt;img src="selenium-screenshot-5.png" width="800px"&gt;&lt;/a&gt;</msg>
<status status="PASS" starttime="20240224 09:26:58.029" endtime="20240224 09:26:58.189"/>
</kw>
<kw name="Close Browser" library="SeleniumLibrary">
<doc>Closes the current browser.</doc>
<status status="PASS" starttime="20240224 09:26:58.189" endtime="20240224 09:27:00.329"/>
</kw>
<status status="PASS" starttime="20240224 09:26:58.029" endtime="20240224 09:27:00.329"/>
</kw>
<doc>Este teste verificará se o acesso aconteceu
e os clicks dos botões</doc>
<tag>botões_laterais</tag>
<status status="PASS" starttime="20240224 09:26:53.230" endtime="20240224 09:27:00.329"/>
</test>
<test id="s1-t2" name="CT02 - Acessar o site herokuapp e clicar em edit e delete" line="20">
<kw name="Start Test" library="hooks.pages.commons" type="SETUP">
<kw name="Open Browser" library="SeleniumLibrary">
<arg>${URL_HOST}</arg>
<arg>${BROWSER}</arg>
<doc>Opens a new browser instance to the optional ``url``.</doc>
<msg timestamp="20240224 09:27:00.332" level="INFO">Opening browser 'chrome' to base url 'https://the-internet.herokuapp.com/challenging_dom'.</msg>
<status status="PASS" starttime="20240224 09:27:00.332" endtime="20240224 09:27:03.604"/>
</kw>
<kw name="Maximize Browser Window" library="SeleniumLibrary">
<doc>Maximizes current browser window.</doc>
<status status="PASS" starttime="20240224 09:27:03.604" endtime="20240224 09:27:03.737"/>
</kw>
<kw name="Set Selenium Implicit Wait" library="SeleniumLibrary">
<arg>${TIME_TO_WAIT}</arg>
<doc>Sets the implicit wait value used by Selenium.</doc>
<status status="PASS" starttime="20240224 09:27:03.737" endtime="20240224 09:27:03.737"/>
</kw>
<status status="PASS" starttime="20240224 09:27:00.332" endtime="20240224 09:27:03.737"/>
</kw>
<kw name="Dado que o usuário tenha acessado o Challenging DOM" library="horuku.pages">
<kw name="Validar acesso ao site" library="horuku.pages">
<kw name="Wait Until Element Is Visible" library="SeleniumLibrary">
<arg>${VALIDATE_HOME}</arg>
<doc>Waits until the element ``locator`` is visible.</doc>
<status status="PASS" starttime="20240224 09:27:03.737" endtime="20240224 09:27:03.768"/>
</kw>
<status status="PASS" starttime="20240224 09:27:03.737" endtime="20240224 09:27:03.768"/>
</kw>
<status status="PASS" starttime="20240224 09:27:03.737" endtime="20240224 09:27:03.768"/>
</kw>
<kw name="Quando clicar em edit" library="horuku.pages">
<kw name="Clicar em edit" library="horuku.pages">
<kw name="Wait Until Element Is Visible" library="SeleniumLibrary">
<arg>${BTN_EDIT}</arg>
<doc>Waits until the element ``locator`` is visible.</doc>
<status status="PASS" starttime="20240224 09:27:03.768" endtime="20240224 09:27:03.800"/>
</kw>
<kw name="Click Link" library="SeleniumLibrary">
<arg>${BTN_EDIT}</arg>
<doc>Clicks a link identified by ``locator``.</doc>
<msg timestamp="20240224 09:27:03.800" level="INFO">Clicking link 'link:edit'.</msg>
<status status="PASS" starttime="20240224 09:27:03.800" endtime="20240224 09:27:03.927"/>
</kw>
<status status="PASS" starttime="20240224 09:27:03.768" endtime="20240224 09:27:03.928"/>
</kw>
<kw name="Validar se botão foi clicado na url edit" library="horuku.pages">
<kw name="Location Should Contain" library="SeleniumLibrary">
<arg>${URL_EDIT}</arg>
<doc>Verifies that the current URL contains ``expected``.</doc>
<msg timestamp="20240224 09:27:03.935" level="INFO">Current location contains 'https://the-internet.herokuapp.com/challenging_dom#edit'.</msg>
<status status="PASS" starttime="20240224 09:27:03.928" endtime="20240224 09:27:03.935"/>
</kw>
<status status="PASS" starttime="20240224 09:27:03.928" endtime="20240224 09:27:03.935"/>
</kw>
<status status="PASS" starttime="20240224 09:27:03.768" endtime="20240224 09:27:03.935"/>
</kw>
<kw name="E clicar em delete" library="horuku.pages">
<kw name="Clicar em delete" library="horuku.pages">
<kw name="Click Link" library="SeleniumLibrary">
<arg>${BTN_DELETE}</arg>
<doc>Clicks a link identified by ``locator``.</doc>
<msg timestamp="20240224 09:27:03.936" level="INFO">Clicking link 'link:delete'.</msg>
<status status="PASS" starttime="20240224 09:27:03.936" endtime="20240224 09:27:04.054"/>
</kw>
<status status="PASS" starttime="20240224 09:27:03.936" endtime="20240224 09:27:04.055"/>
</kw>
<kw name="Validar se botão foi clicado na url delete" library="horuku.pages">
<kw name="Location Should Contain" library="SeleniumLibrary">
<arg>${URL_DELETE}</arg>
<doc>Verifies that the current URL contains ``expected``.</doc>
<msg timestamp="20240224 09:27:04.060" level="INFO">Current location contains 'https://the-internet.herokuapp.com/challenging_dom#delete'.</msg>
<status status="PASS" starttime="20240224 09:27:04.055" endtime="20240224 09:27:04.060"/>
</kw>
<status status="PASS" starttime="20240224 09:27:04.055" endtime="20240224 09:27:04.060"/>
</kw>
<status status="PASS" starttime="20240224 09:27:03.935" endtime="20240224 09:27:04.060"/>
</kw>
<kw name="Então o último link clicado possui a url #Delete" library="horuku.pages">
<kw name="Validar se botão foi clicado na url delete" library="horuku.pages">
<kw name="Location Should Contain" library="SeleniumLibrary">
<arg>${URL_DELETE}</arg>
<doc>Verifies that the current URL contains ``expected``.</doc>
<msg timestamp="20240224 09:27:04.068" level="INFO">Current location contains 'https://the-internet.herokuapp.com/challenging_dom#delete'.</msg>
<status status="PASS" starttime="20240224 09:27:04.061" endtime="20240224 09:27:04.068"/>
</kw>
<status status="PASS" starttime="20240224 09:27:04.061" endtime="20240224 09:27:04.068"/>
</kw>
<status status="PASS" starttime="20240224 09:27:04.061" endtime="20240224 09:27:04.068"/>
</kw>
<kw name="Finish Test" library="hooks.pages.commons" type="TEARDOWN">
<kw name="Capture Page Screenshot" library="SeleniumLibrary">
<doc>Takes a screenshot of the current page and embeds it into a log file.</doc>
<msg timestamp="20240224 09:27:04.225" level="INFO" html="true">&lt;/td&gt;&lt;/tr&gt;&lt;tr&gt;&lt;td colspan="3"&gt;&lt;a href="selenium-screenshot-6.png"&gt;&lt;img src="selenium-screenshot-6.png" width="800px"&gt;&lt;/a&gt;</msg>
<status status="PASS" starttime="20240224 09:27:04.068" endtime="20240224 09:27:04.225"/>
</kw>
<kw name="Close Browser" library="SeleniumLibrary">
<doc>Closes the current browser.</doc>
<status status="PASS" starttime="20240224 09:27:04.225" endtime="20240224 09:27:06.368"/>
</kw>
<status status="PASS" starttime="20240224 09:27:04.068" endtime="20240224 09:27:06.368"/>
</kw>
<doc>Este teste verificará se os clicks em edit e delete estão acontecendo</doc>
<tag>botões_grid</tag>
<status status="PASS" starttime="20240224 09:27:00.331" endtime="20240224 09:27:06.369"/>
</test>
<status status="PASS" starttime="20240224 09:26:52.972" endtime="20240224 09:27:06.372"/>
</suite>
<statistics>
<total>
<stat pass="2" fail="0" skip="0">All Tests</stat>
</total>
<tag>
<stat pass="1" fail="0" skip="0">botões_grid</stat>
<stat pass="1" fail="0" skip="0">botões_laterais</stat>
</tag>
<suite>
<stat pass="2" fail="0" skip="0" id="s1" name="Test Horuku">Test Horuku</stat>
</suite>
</statistics>
<errors>
</errors>
</robot>
